	-> ngsPSMC version: 1ac9b46-dirty (htslib: 1.16-47-g3fe2a59) build(Mar 24 2023 17:05:01)
	-> sizeof(double): 8 sizeof(float): 4 sizeof(mygltype): 8
	-> we are in file: main_psmc.cpp function: main_psmc line:383
	-> Version of fname: 'sim.d8.psmc.idx' is:1
	-> Assuming .psmc.gz file: 'sim.d8.psmc.gz'
	-> Assuming .psmc.pos.gz: 'sim.d8.psmc.pos.gz'
	-> args: tole:0.000001 maxiter:100 chr:(null) start:-1 stop:-1
	-> fname:'sim.d8.psmc.idx' seed:1 winsize:100 RD:-1 nThreads:16 doLinear:0 -nChr:-1 -ms:'(null)' -theta: 0.000233 -rho: 0.005357 -max_t:23.861429
	-> we are in file: got parameters		Information from index file: nSites(total):3000000000 nChr:1000
		0	1	3000000	8	8
		1	10	3000000	2450219624712	2236389696776
		2	100	3000000	26958360315656	24600744041992
		3	1000	3000000	272041267082248	248333705269768
		4	101	3000000	27230939077128	24850292238600
		5	102	3000000	27503516986632	25098380424200
		6	103	3000000	27776092340232	25346930573320
		7	104	3000000	28047189332488	25595521747720
		8	105	3000000	28319762392328	25844391646728
		9	106	3000000	28592337418248	26092617916680
		 Breaking printing of header
	-> parsing pattern :"1*4+25*2+1*4+1*6"
	-> we are in file: fpsmc.cpp function: psmc_wrapper line:460 blocksize:100
	-> par->n:63	par->n_free:28	par_map:0x138aa20	par->pattern:1*4+25*2+1*4+1*6	par->times:(nil)	par->params:(nil)
	-> [make_remapper] pp->n_free:28
	-> p->perc->version:1 (one is gls, otherwise fasta)
	-> Adjusing theta with blocksize: 100
	-> allocating array with length: tk_l:64
	[setTk] (n,tk,max_t,alpha,inp_ti)=(63,0x138a610,23.861429,0.100000,(nil))
tk_l:64
	-> tk_l in psmc_wrapper pars->par->n+1 tk_l:64 p->times:(nil)
	-> nobs/nchr: 1000
----------------------------------------
	-> [fpsmc.cpp:main_analysis_make_hmm:311] nthreads:16 tk_l:64 theta:0.000233 rho:0.005357
	[total llh]  fwllh:-4238813965.404477
	[total llh]  bwllh:-4238813965.404471
	[total qval] qval:-2303233.507953
MM	 /home/idmirnyy/ngsPSMC/./ngsPSMC sim.d8.psmc.idx -p 1*4+25*2+1*4+1*6 -dospline 0 -nthreads 16 -nIter 20 -init 1 -theta 0.000233095 -rho 0.005357
MM		-> ngsPSMC version: 1ac9b46-dirty (htslib: 1.16-47-g3fe2a59) build(Mar 24 2023 17:05:01)
MM	 TR is theta rho, theta in this context is given by the persite theta, and not the per window theta, this is different from the original PSMC
MM	filereading took: (wall(min),cpu(min)):(3.633333,3.620500)
RD	0
LK	-4238813965.404477
QD	0.000000 -> 0.000000
RI	?
TR	0.000233	0.005357
MT	23.861429
MM	buildhmm(wall(min),cpu(min)):(27.616667,422.412500) tk_l:64
RS	0	0.000000	1.000000	1000000.0	1000000.0	1000000.0
RS	1	0.009086	1.000000	1000000.0	1000000.0	1000000.0
RS	2	0.018998	1.000000	1000000.0	1000000.0	1000000.0
RS	3	0.029811	1.000000	1000000.0	1000000.0	1000000.0
RS	4	0.041606	1.000000	1000000.0	1000000.0	1000000.0
RS	5	0.054472	1.000000	1000000.0	1000000.0	1000000.0
RS	6	0.068508	1.000000	1000000.0	1000000.0	1000000.0
RS	7	0.083819	1.000000	1000000.0	1000000.0	1000000.0
RS	8	0.100521	1.000000	1000000.0	1000000.0	1000000.0
RS	9	0.118741	1.000000	1000000.0	1000000.0	1000000.0
RS	10	0.138616	1.000000	1000000.0	1000000.0	1000000.0
RS	11	0.160298	1.000000	1000000.0	1000000.0	1000000.0
RS	12	0.183949	1.000000	1000000.0	1000000.0	1000000.0
RS	13	0.209749	1.000000	1000000.0	1000000.0	1000000.0
RS	14	0.237894	1.000000	1000000.0	1000000.0	1000000.0
RS	15	0.268596	1.000000	1000000.0	1000000.0	1000000.0
RS	16	0.302088	1.000000	1000000.0	1000000.0	1000000.0
RS	17	0.338622	1.000000	1000000.0	1000000.0	1000000.0
RS	18	0.378477	1.000000	1000000.0	1000000.0	1000000.0
RS	19	0.421952	1.000000	1000000.0	1000000.0	1000000.0
RS	20	0.469378	1.000000	1000000.0	1000000.0	1000000.0
RS	21	0.521113	1.000000	1000000.0	1000000.0	1000000.0
RS	22	0.577549	1.000000	1000000.0	1000000.0	1000000.0
RS	23	0.639113	1.000000	1000000.0	1000000.0	1000000.0
RS	24	0.706271	1.000000	1000000.0	1000000.0	1000000.0
RS	25	0.779531	1.000000	1000000.0	1000000.0	1000000.0
RS	26	0.859447	1.000000	1000000.0	1000000.0	1000000.0
RS	27	0.946625	1.000000	1000000.0	1000000.0	1000000.0
RS	28	1.041724	1.000000	1000000.0	1000000.0	1000000.0
RS	29	1.145464	1.000000	1000000.0	1000000.0	1000000.0
RS	30	1.258630	1.000000	1000000.0	1000000.0	1000000.0
RS	31	1.382079	1.000000	1000000.0	1000000.0	1000000.0
RS	32	1.516744	1.000000	1000000.0	1000000.0	1000000.0
RS	33	1.663646	1.000000	1000000.0	1000000.0	1000000.0
RS	34	1.823895	1.000000	1000000.0	1000000.0	1000000.0
RS	35	1.998706	1.000000	1000000.0	1000000.0	1000000.0
RS	36	2.189399	1.000000	1000000.0	1000000.0	1000000.0
RS	37	2.397420	1.000000	1000000.0	1000000.0	1000000.0
RS	38	2.624342	1.000000	1000000.0	1000000.0	1000000.0
RS	39	2.871883	1.000000	1000000.0	1000000.0	1000000.0
RS	40	3.141916	1.000000	1000000.0	1000000.0	1000000.0
RS	41	3.436485	1.000000	1000000.0	1000000.0	1000000.0
RS	42	3.757819	1.000000	1000000.0	1000000.0	1000000.0
RS	43	4.108350	1.000000	1000000.0	1000000.0	1000000.0
RS	44	4.490732	1.000000	1000000.0	1000000.0	1000000.0
RS	45	4.907857	1.000000	1000000.0	1000000.0	1000000.0
RS	46	5.362884	1.000000	1000000.0	1000000.0	1000000.0
RS	47	5.859256	1.000000	1000000.0	1000000.0	1000000.0
RS	48	6.400729	1.000000	1000000.0	1000000.0	1000000.0
RS	49	6.991402	1.000000	1000000.0	1000000.0	1000000.0
RS	50	7.635745	1.000000	1000000.0	1000000.0	1000000.0
RS	51	8.338635	1.000000	1000000.0	1000000.0	1000000.0
RS	52	9.105391	1.000000	1000000.0	1000000.0	1000000.0
RS	53	9.941817	1.000000	1000000.0	1000000.0	1000000.0
RS	54	10.854242	1.000000	1000000.0	1000000.0	1000000.0
RS	55	11.849573	1.000000	1000000.0	1000000.0	1000000.0
RS	56	12.935341	1.000000	1000000.0	1000000.0	1000000.0
RS	57	14.119766	1.000000	1000000.0	1000000.0	1000000.0
RS	58	15.411811	1.000000	1000000.0	1000000.0	1000000.0
RS	59	16.821254	1.000000	1000000.0	1000000.0	1000000.0
RS	60	18.358763	1.000000	1000000.0	1000000.0	1000000.0
RS	61	20.035973	1.000000	1000000.0	1000000.0	1000000.0
RS	62	21.865580	1.000000	1000000.0	1000000.0	1000000.0
RS	63	23.861429	1.000000	1000000.0	1000000.0	1000000.0
PA	1*4+25*2+1*4+1*6 0.000233095 0.005357000 666.666666666 1.000000000 1.000000000 1.000000000 1.000000000 1.000000000 1.000000000 1.000000000 1.000000000 1.000000000 1.000000000 1.000000000 1.000000000 1.000000000 1.000000000 1.000000000 1.000000000 1.000000000 1.000000000 1.000000000 1.000000000 1.000000000 1.000000000 1.000000000 1.000000000 1.000000000 1.000000000 1.000000000 1.000000000
//
----------------------------------------
	-> Starting Optimization ndim:28
MM	optimization: (wall(min),cpu(min)):(0.450000,0.445667) maxqval:-2277181.261414
	-> [RUNOPTIM3 TIME]:runoptim3 cpu-time used =  26.74 sec 
	-> [RUNOPTIM3 Time]:runoptim3 walltime used =  27.00 sec 
	-> [fpsmc.cpp:main_analysis_make_hmm:311] nthreads:16 tk_l:64 theta:0.000233 rho:0.005357
	[total llh]  fwllh:-4238769587.730691
	[total llh]  bwllh:-4238769587.730684
	[total qval] qval:-2530691.951996
IT	2409
RD	1
LK	-4238769587.730691
QD	-2303233.507953 -> -2277181.261414
RI	?
TR	0.000233	0.005357
MT	23.861429
MM	buildhmm(wall(min),cpu(min)):(11.450000,149.824837) tk_l:64
RS	0	0.000000	1.475986	1000000.0	1000000.0	1000000.0
RS	1	0.009086	1.475986	1000000.0	1000000.0	1000000.0
RS	2	0.018998	1.475986	1000000.0	1000000.0	1000000.0
RS	3	0.029811	1.475986	1000000.0	1000000.0	1000000.0
RS	4	0.041606	0.789799	1000000.0	1000000.0	1000000.0
RS	5	0.054472	0.789799	1000000.0	1000000.0	1000000.0
RS	6	0.068508	0.544206	1000000.0	1000000.0	1000000.0
RS	7	0.083819	0.544206	1000000.0	1000000.0	1000000.0
RS	8	0.100521	0.442007	1000000.0	1000000.0	1000000.0
RS	9	0.118741	0.442007	1000000.0	1000000.0	1000000.0
RS	10	0.138616	0.425697	1000000.0	1000000.0	1000000.0
RS	11	0.160298	0.425697	1000000.0	1000000.0	1000000.0
RS	12	0.183949	0.466857	1000000.0	1000000.0	1000000.0
RS	13	0.209749	0.466857	1000000.0	1000000.0	1000000.0
RS	14	0.237894	0.550241	1000000.0	1000000.0	1000000.0
RS	15	0.268596	0.550241	1000000.0	1000000.0	1000000.0
RS	16	0.302088	0.668583	1000000.0	1000000.0	1000000.0
RS	17	0.338622	0.668583	1000000.0	1000000.0	1000000.0
RS	18	0.378477	0.814313	1000000.0	1000000.0	1000000.0
RS	19	0.421952	0.814313	1000000.0	1000000.0	1000000.0
RS	20	0.469378	0.975103	1000000.0	1000000.0	1000000.0
RS	21	0.521113	0.975103	1000000.0	1000000.0	1000000.0
RS	22	0.577549	1.136451	1000000.0	1000000.0	1000000.0
RS	23	0.639113	1.136451	1000000.0	1000000.0	1000000.0
RS	24	0.706271	1.285186	1000000.0	1000000.0	1000000.0
RS	25	0.779531	1.285186	1000000.0	1000000.0	1000000.0
RS	26	0.859447	1.411906	1000000.0	1000000.0	1000000.0
RS	27	0.946625	1.411906	1000000.0	1000000.0	1000000.0
RS	28	1.041724	1.511821	1000000.0	1000000.0	1000000.0
RS	29	1.145464	1.511821	1000000.0	1000000.0	1000000.0
RS	30	1.258630	1.584199	1000000.0	1000000.0	1000000.0
RS	31	1.382079	1.584199	1000000.0	1000000.0	1000000.0
RS	32	1.516744	1.630801	1000000.0	1000000.0	1000000.0
RS	33	1.663646	1.630801	1000000.0	1000000.0	1000000.0
RS	34	1.823895	1.654922	1000000.0	1000000.0	1000000.0
RS	35	1.998706	1.654922	1000000.0	1000000.0	1000000.0
RS	36	2.189399	1.660636	1000000.0	1000000.0	1000000.0
RS	37	2.397420	1.660636	1000000.0	1000000.0	1000000.0
RS	38	2.624342	1.652010	1000000.0	1000000.0	1000000.0
RS	39	2.871883	1.652010	1000000.0	1000000.0	1000000.0
RS	40	3.141916	1.632943	1000000.0	1000000.0	1000000.0
RS	41	3.436485	1.632943	1000000.0	1000000.0	1000000.0
RS	42	3.757819	1.607034	1000000.0	1000000.0	1000000.0
RS	43	4.108350	1.607034	1000000.0	1000000.0	1000000.0
RS	44	4.490732	1.577343	1000000.0	1000000.0	1000000.0
RS	45	4.907857	1.577343	1000000.0	1000000.0	1000000.0
RS	46	5.362884	1.546595	1000000.0	1000000.0	1000000.0
RS	47	5.859256	1.546595	1000000.0	1000000.0	1000000.0
RS	48	6.400729	1.518508	1000000.0	1000000.0	1000000.0
RS	49	6.991402	1.518508	1000000.0	1000000.0	1000000.0
RS	50	7.635745	1.504129	1000000.0	1000000.0	1000000.0
RS	51	8.338635	1.504129	1000000.0	1000000.0	1000000.0
RS	52	9.105391	1.526420	1000000.0	1000000.0	1000000.0
RS	53	9.941817	1.526420	1000000.0	1000000.0	1000000.0
RS	54	10.854242	1.650790	1000000.0	1000000.0	1000000.0
RS	55	11.849573	1.650790	1000000.0	1000000.0	1000000.0
RS	56	12.935341	1.650790	1000000.0	1000000.0	1000000.0
RS	57	14.119766	1.650790	1000000.0	1000000.0	1000000.0
RS	58	15.411811	1.843337	1000000.0	1000000.0	1000000.0
RS	59	16.821254	1.843337	1000000.0	1000000.0	1000000.0
RS	60	18.358763	1.843337	1000000.0	1000000.0	1000000.0
RS	61	20.035973	1.843337	1000000.0	1000000.0	1000000.0
RS	62	21.865580	1.843337	1000000.0	1000000.0	1000000.0
RS	63	23.861429	1.843337	1000000.0	1000000.0	1000000.0
PA	1*4+25*2+1*4+1*6 0.000233095 0.005357000 666.666666666 1.475986488 0.789799198 0.544205766 0.442007475 0.425696512 0.466856957 0.550240984 0.668583064 0.814313159 0.975102748 1.136451438 1.285186300 1.411905567 1.511820981 1.584199223 1.630801071 1.654922151 1.660636327 1.652009502 1.632942828 1.607034291 1.577343236 1.546595417 1.518507939 1.504128805 1.526420162 1.650789688 1.843336887
//
----------------------------------------
	-> Starting Optimization ndim:28
MM	optimization: (wall(min),cpu(min)):(0.600000,0.602500) maxqval:-2521384.915098
	-> [RUNOPTIM3 TIME]:runoptim3 cpu-time used =  36.15 sec 
	-> [RUNOPTIM3 Time]:runoptim3 walltime used =  36.00 sec 
	-> [fpsmc.cpp:main_analysis_make_hmm:311] nthreads:16 tk_l:64 theta:0.000233 rho:0.005357
	[total llh]  fwllh:-4238754389.621323
	[total llh]  bwllh:-4238754389.621335
	[total qval] qval:-2626948.807292
IT	3224
RD	2
LK	-4238754389.621323
QD	-2530691.951996 -> -2521384.915098
RI	?
TR	0.000233	0.005357
MT	23.861429
MM	buildhmm(wall(min),cpu(min)):(11.700000,149.577653) tk_l:64
RS	0	0.000000	2.891395	1000000.0	1000000.0	1000000.0
RS	1	0.009086	2.891395	1000000.0	1000000.0	1000000.0
RS	2	0.018998	2.891395	1000000.0	1000000.0	1000000.0
RS	3	0.029811	2.891395	1000000.0	1000000.0	1000000.0
RS	4	0.041606	1.001656	1000000.0	1000000.0	1000000.0
RS	5	0.054472	1.001656	1000000.0	1000000.0	1000000.0
RS	6	0.068508	0.515449	1000000.0	1000000.0	1000000.0
RS	7	0.083819	0.515449	1000000.0	1000000.0	1000000.0
RS	8	0.100521	0.346664	1000000.0	1000000.0	1000000.0
RS	9	0.118741	0.346664	1000000.0	1000000.0	1000000.0
RS	10	0.138616	0.303537	1000000.0	1000000.0	1000000.0
RS	11	0.160298	0.303537	1000000.0	1000000.0	1000000.0
RS	12	0.183949	0.327187	1000000.0	1000000.0	1000000.0
RS	13	0.209749	0.327187	1000000.0	1000000.0	1000000.0
RS	14	0.237894	0.403383	1000000.0	1000000.0	1000000.0
RS	15	0.268596	0.403383	1000000.0	1000000.0	1000000.0
RS	16	0.302088	0.538198	1000000.0	1000000.0	1000000.0
RS	17	0.338622	0.538198	1000000.0	1000000.0	1000000.0
RS	18	0.378477	0.739295	1000000.0	1000000.0	1000000.0
RS	19	0.421952	0.739295	1000000.0	1000000.0	1000000.0
RS	20	0.469378	1.000327	1000000.0	1000000.0	1000000.0
RS	21	0.521113	1.000327	1000000.0	1000000.0	1000000.0
RS	22	0.577549	1.294743	1000000.0	1000000.0	1000000.0
RS	23	0.639113	1.294743	1000000.0	1000000.0	1000000.0
RS	24	0.706271	1.583416	1000000.0	1000000.0	1000000.0
RS	25	0.779531	1.583416	1000000.0	1000000.0	1000000.0
RS	26	0.859447	1.831430	1000000.0	1000000.0	1000000.0
RS	27	0.946625	1.831430	1000000.0	1000000.0	1000000.0
RS	28	1.041724	2.019116	1000000.0	1000000.0	1000000.0
RS	29	1.145464	2.019116	1000000.0	1000000.0	1000000.0
RS	30	1.258630	2.144592	1000000.0	1000000.0	1000000.0
RS	31	1.382079	2.144592	1000000.0	1000000.0	1000000.0
RS	32	1.516744	2.213902	1000000.0	1000000.0	1000000.0
RS	33	1.663646	2.213902	1000000.0	1000000.0	1000000.0
RS	34	1.823895	2.237584	1000000.0	1000000.0	1000000.0
RS	35	1.998706	2.237584	1000000.0	1000000.0	1000000.0
RS	36	2.189399	2.227626	1000000.0	1000000.0	1000000.0
RS	37	2.397420	2.227626	1000000.0	1000000.0	1000000.0
RS	38	2.624342	2.193488	1000000.0	1000000.0	1000000.0
RS	39	2.871883	2.193488	1000000.0	1000000.0	1000000.0
RS	40	3.141916	2.144085	1000000.0	1000000.0	1000000.0
RS	41	3.436485	2.144085	1000000.0	1000000.0	1000000.0
RS	42	3.757819	2.085640	1000000.0	1000000.0	1000000.0
RS	43	4.108350	2.085640	1000000.0	1000000.0	1000000.0
RS	44	4.490732	2.023732	1000000.0	1000000.0	1000000.0
RS	45	4.907857	2.023732	1000000.0	1000000.0	1000000.0
RS	46	5.362884	1.962967	1000000.0	1000000.0	1000000.0
RS	47	5.859256	1.962967	1000000.0	1000000.0	1000000.0
RS	48	6.400729	1.910479	1000000.0	1000000.0	1000000.0
RS	49	6.991402	1.910479	1000000.0	1000000.0	1000000.0
RS	50	7.635745	1.886571	1000000.0	1000000.0	1000000.0
RS	51	8.338635	1.886571	1000000.0	1000000.0	1000000.0
RS	52	9.105391	1.931568	1000000.0	1000000.0	1000000.0
RS	53	9.941817	1.931568	1000000.0	1000000.0	1000000.0
RS	54	10.854242	2.166121	1000000.0	1000000.0	1000000.0
RS	55	11.849573	2.166121	1000000.0	1000000.0	1000000.0
RS	56	12.935341	2.166121	1000000.0	1000000.0	1000000.0
RS	57	14.119766	2.166121	1000000.0	1000000.0	1000000.0
RS	58	15.411811	2.583124	1000000.0	1000000.0	1000000.0
RS	59	16.821254	2.583124	1000000.0	1000000.0	1000000.0
RS	60	18.358763	2.583124	1000000.0	1000000.0	1000000.0
RS	61	20.035973	2.583124	1000000.0	1000000.0	1000000.0
RS	62	21.865580	2.583124	1000000.0	1000000.0	1000000.0
RS	63	23.861429	2.583124	1000000.0	1000000.0	1000000.0
PA	1*4+25*2+1*4+1*6 0.000233095 0.005357000 666.666666666 2.891395012 1.001656401 0.515448621 0.346664334 0.303536755 0.327186844 0.403383230 0.538197847 0.739294576 1.000327199 1.294742813 1.583415778 1.831430419 2.019115924 2.144591604 2.213901892 2.237583518 2.227625901 2.193488297 2.144084887 2.085640137 2.023731764 1.962967297 1.910478750 1.886571284 1.931568149 2.166120747 2.583123643
//
----------------------------------------
	-> Starting Optimization ndim:28
MM	optimization: (wall(min),cpu(min)):(1.100000,1.095333) maxqval:-2623714.799233
	-> [RUNOPTIM3 TIME]:runoptim3 cpu-time used =  65.72 sec 
	-> [RUNOPTIM3 Time]:runoptim3 walltime used =  66.00 sec 
	-> [fpsmc.cpp:main_analysis_make_hmm:311] nthreads:16 tk_l:64 theta:0.000233 rho:0.005357
	[total llh]  fwllh:-4238749148.405898
	[total llh]  bwllh:-4238749148.405910
	[total qval] qval:-2669906.132505
IT	5897
RD	3
LK	-4238749148.405898
QD	-2626948.807292 -> -2623714.799233
RI	?
TR	0.000233	0.005357
MT	23.861429
MM	buildhmm(wall(min),cpu(min)):(11.600000,149.155843) tk_l:64
RS	0	0.000000	5.188251	1000000.0	1000000.0	1000000.0
RS	1	0.009086	5.188251	1000000.0	1000000.0	1000000.0
RS	2	0.018998	5.188251	1000000.0	1000000.0	1000000.0
RS	3	0.029811	5.188251	1000000.0	1000000.0	1000000.0
RS	4	0.041606	1.422413	1000000.0	1000000.0	1000000.0
RS	5	0.054472	1.422413	1000000.0	1000000.0	1000000.0
RS	6	0.068508	0.577015	1000000.0	1000000.0	1000000.0
RS	7	0.083819	0.577015	1000000.0	1000000.0	1000000.0
RS	8	0.100521	0.330665	1000000.0	1000000.0	1000000.0
RS	9	0.118741	0.330665	1000000.0	1000000.0	1000000.0
RS	10	0.138616	0.262709	1000000.0	1000000.0	1000000.0
RS	11	0.160298	0.262709	1000000.0	1000000.0	1000000.0
RS	12	0.183949	0.270527	1000000.0	1000000.0	1000000.0
RS	13	0.209749	0.270527	1000000.0	1000000.0	1000000.0
RS	14	0.237894	0.334831	1000000.0	1000000.0	1000000.0
RS	15	0.268596	0.334831	1000000.0	1000000.0	1000000.0
RS	16	0.302088	0.469787	1000000.0	1000000.0	1000000.0
RS	17	0.338622	0.469787	1000000.0	1000000.0	1000000.0
RS	18	0.378477	0.699736	1000000.0	1000000.0	1000000.0
RS	19	0.421952	0.699736	1000000.0	1000000.0	1000000.0
RS	20	0.469378	1.031999	1000000.0	1000000.0	1000000.0
RS	21	0.521113	1.031999	1000000.0	1000000.0	1000000.0
RS	22	0.577549	1.432084	1000000.0	1000000.0	1000000.0
RS	23	0.639113	1.432084	1000000.0	1000000.0	1000000.0
RS	24	0.706271	1.831808	1000000.0	1000000.0	1000000.0
RS	25	0.779531	1.831808	1000000.0	1000000.0	1000000.0
RS	26	0.859447	2.166479	1000000.0	1000000.0	1000000.0
RS	27	0.946625	2.166479	1000000.0	1000000.0	1000000.0
RS	28	1.041724	2.405846	1000000.0	1000000.0	1000000.0
RS	29	1.145464	2.405846	1000000.0	1000000.0	1000000.0
RS	30	1.258630	2.552490	1000000.0	1000000.0	1000000.0
RS	31	1.382079	2.552490	1000000.0	1000000.0	1000000.0
RS	32	1.516744	2.624017	1000000.0	1000000.0	1000000.0
RS	33	1.663646	2.624017	1000000.0	1000000.0	1000000.0
RS	34	1.823895	2.639042	1000000.0	1000000.0	1000000.0
RS	35	1.998706	2.639042	1000000.0	1000000.0	1000000.0
RS	36	2.189399	2.614275	1000000.0	1000000.0	1000000.0
RS	37	2.397420	2.614275	1000000.0	1000000.0	1000000.0
RS	38	2.624342	2.563529	1000000.0	1000000.0	1000000.0
RS	39	2.871883	2.563529	1000000.0	1000000.0	1000000.0
RS	40	3.141916	2.496809	1000000.0	1000000.0	1000000.0
RS	41	3.436485	2.496809	1000000.0	1000000.0	1000000.0
RS	42	3.757819	2.420139	1000000.0	1000000.0	1000000.0
RS	43	4.108350	2.420139	1000000.0	1000000.0	1000000.0
RS	44	4.490732	2.339855	1000000.0	1000000.0	1000000.0
RS	45	4.907857	2.339855	1000000.0	1000000.0	1000000.0
RS	46	5.362884	2.261079	1000000.0	1000000.0	1000000.0
RS	47	5.859256	2.261079	1000000.0	1000000.0	1000000.0
RS	48	6.400729	2.193884	1000000.0	1000000.0	1000000.0
RS	49	6.991402	2.193884	1000000.0	1000000.0	1000000.0
RS	50	7.635745	2.165700	1000000.0	1000000.0	1000000.0
RS	51	8.338635	2.165700	1000000.0	1000000.0	1000000.0
RS	52	9.105391	2.230605	1000000.0	1000000.0	1000000.0
RS	53	9.941817	2.230605	1000000.0	1000000.0	1000000.0
RS	54	10.854242	2.551538	1000000.0	1000000.0	1000000.0
RS	55	11.849573	2.551538	1000000.0	1000000.0	1000000.0
RS	56	12.935341	2.551538	1000000.0	1000000.0	1000000.0
RS	57	14.119766	2.551538	1000000.0	1000000.0	1000000.0
RS	58	15.411811	3.145921	1000000.0	1000000.0	1000000.0
RS	59	16.821254	3.145921	1000000.0	1000000.0	1000000.0
RS	60	18.358763	3.145921	1000000.0	1000000.0	1000000.0
RS	61	20.035973	3.145921	1000000.0	1000000.0	1000000.0
RS	62	21.865580	3.145921	1000000.0	1000000.0	1000000.0
RS	63	23.861429	3.145921	1000000.0	1000000.0	1000000.0
PA	1*4+25*2+1*4+1*6 0.000233095 0.005357000 666.666666666 5.188250682 1.422412968 0.577014933 0.330665346 0.262708939 0.270526843 0.334830853 0.469787079 0.699735830 1.031998804 1.432084133 1.831807886 2.166478909 2.405845754 2.552490031 2.624016959 2.639042175 2.614274557 2.563528875 2.496808611 2.420138765 2.339855266 2.261079273 2.193883730 2.165700301 2.230604885 2.551537656 3.145921142
//
----------------------------------------
	-> Starting Optimization ndim:28
MM	optimization: (wall(min),cpu(min)):(1.683333,1.670500) maxqval:-2668744.122117
	-> [RUNOPTIM3 TIME]:runoptim3 cpu-time used =  100.23 sec 
	-> [RUNOPTIM3 Time]:runoptim3 walltime used =  101.00 sec 
	-> [fpsmc.cpp:main_analysis_make_hmm:311] nthreads:16 tk_l:64 theta:0.000233 rho:0.005357
	[total llh]  fwllh:-4238747250.847179
	[total llh]  bwllh:-4238747250.847158
	[total qval] qval:-2690729.141340
IT	9039
RD	4
LK	-4238747250.847179
QD	-2669906.132505 -> -2668744.122117
RI	?
TR	0.000233	0.005357
MT	23.861429
MM	buildhmm(wall(min),cpu(min)):(12.083333,148.520003) tk_l:64
RS	0	0.000000	7.373102	1000000.0	1000000.0	1000000.0
RS	1	0.009086	7.373102	1000000.0	1000000.0	1000000.0
RS	2	0.018998	7.373102	1000000.0	1000000.0	1000000.0
RS	3	0.029811	7.373102	1000000.0	1000000.0	1000000.0
RS	4	0.041606	2.012704	1000000.0	1000000.0	1000000.0
RS	5	0.054472	2.012704	1000000.0	1000000.0	1000000.0
RS	6	0.068508	0.676338	1000000.0	1000000.0	1000000.0
RS	7	0.083819	0.676338	1000000.0	1000000.0	1000000.0
RS	8	0.100521	0.339088	1000000.0	1000000.0	1000000.0
RS	9	0.118741	0.339088	1000000.0	1000000.0	1000000.0
RS	10	0.138616	0.247240	1000000.0	1000000.0	1000000.0
RS	11	0.160298	0.247240	1000000.0	1000000.0	1000000.0
RS	12	0.183949	0.242221	1000000.0	1000000.0	1000000.0
RS	13	0.209749	0.242221	1000000.0	1000000.0	1000000.0
RS	14	0.237894	0.296273	1000000.0	1000000.0	1000000.0
RS	15	0.268596	0.296273	1000000.0	1000000.0	1000000.0
RS	16	0.302088	0.428245	1000000.0	1000000.0	1000000.0
RS	17	0.338622	0.428245	1000000.0	1000000.0	1000000.0
RS	18	0.378477	0.676228	1000000.0	1000000.0	1000000.0
RS	19	0.421952	0.676228	1000000.0	1000000.0	1000000.0
RS	20	0.469378	1.061698	1000000.0	1000000.0	1000000.0
RS	21	0.521113	1.061698	1000000.0	1000000.0	1000000.0
RS	22	0.577549	1.543382	1000000.0	1000000.0	1000000.0
RS	23	0.639113	1.543382	1000000.0	1000000.0	1000000.0
RS	24	0.706271	2.020859	1000000.0	1000000.0	1000000.0
RS	25	0.779531	2.020859	1000000.0	1000000.0	1000000.0
RS	26	0.859447	2.400702	1000000.0	1000000.0	1000000.0
RS	27	0.946625	2.400702	1000000.0	1000000.0	1000000.0
RS	28	1.041724	2.653240	1000000.0	1000000.0	1000000.0
RS	29	1.145464	2.653240	1000000.0	1000000.0	1000000.0
RS	30	1.258630	2.794956	1000000.0	1000000.0	1000000.0
RS	31	1.382079	2.794956	1000000.0	1000000.0	1000000.0
RS	32	1.516744	2.856417	1000000.0	1000000.0	1000000.0
RS	33	1.663646	2.856417	1000000.0	1000000.0	1000000.0
RS	34	1.823895	2.862948	1000000.0	1000000.0	1000000.0
RS	35	1.998706	2.862948	1000000.0	1000000.0	1000000.0
RS	36	2.189399	2.833619	1000000.0	1000000.0	1000000.0
RS	37	2.397420	2.833619	1000000.0	1000000.0	1000000.0
RS	38	2.624342	2.781020	1000000.0	1000000.0	1000000.0
RS	39	2.871883	2.781020	1000000.0	1000000.0	1000000.0
RS	40	3.141916	2.713299	1000000.0	1000000.0	1000000.0
RS	41	3.436485	2.713299	1000000.0	1000000.0	1000000.0
RS	42	3.757819	2.635072	1000000.0	1000000.0	1000000.0
RS	43	4.108350	2.635072	1000000.0	1000000.0	1000000.0
RS	44	4.490732	2.550739	1000000.0	1000000.0	1000000.0
RS	45	4.907857	2.550739	1000000.0	1000000.0	1000000.0
RS	46	5.362884	2.465823	1000000.0	1000000.0	1000000.0
RS	47	5.859256	2.465823	1000000.0	1000000.0	1000000.0
RS	48	6.400729	2.392283	1000000.0	1000000.0	1000000.0
RS	49	6.991402	2.392283	1000000.0	1000000.0	1000000.0
RS	50	7.635745	2.364358	1000000.0	1000000.0	1000000.0
RS	51	8.338635	2.364358	1000000.0	1000000.0	1000000.0
RS	52	9.105391	2.445390	1000000.0	1000000.0	1000000.0
RS	53	9.941817	2.445390	1000000.0	1000000.0	1000000.0
RS	54	10.854242	2.835037	1000000.0	1000000.0	1000000.0
RS	55	11.849573	2.835037	1000000.0	1000000.0	1000000.0
RS	56	12.935341	2.835037	1000000.0	1000000.0	1000000.0
RS	57	14.119766	2.835037	1000000.0	1000000.0	1000000.0
RS	58	15.411811	3.568925	1000000.0	1000000.0	1000000.0
RS	59	16.821254	3.568925	1000000.0	1000000.0	1000000.0
RS	60	18.358763	3.568925	1000000.0	1000000.0	1000000.0
RS	61	20.035973	3.568925	1000000.0	1000000.0	1000000.0
RS	62	21.865580	3.568925	1000000.0	1000000.0	1000000.0
RS	63	23.861429	3.568925	1000000.0	1000000.0	1000000.0
PA	1*4+25*2+1*4+1*6 0.000233095 0.005357000 666.666666666 7.373101905 2.012703590 0.676338173 0.339088081 0.247239630 0.242221438 0.296273452 0.428245268 0.676227535 1.061697607 1.543382043 2.020859099 2.400702100 2.653239674 2.794955666 2.856417330 2.862948453 2.833618566 2.781019592 2.713299432 2.635071600 2.550739134 2.465823320 2.392283246 2.364357817 2.445389854 2.835036842 3.568924870
//
----------------------------------------
	-> Starting Optimization ndim:28
MM	optimization: (wall(min),cpu(min)):(0.983333,0.977833) maxqval:-2690277.081496
	-> [RUNOPTIM3 TIME]:runoptim3 cpu-time used =  58.67 sec 
	-> [RUNOPTIM3 Time]:runoptim3 walltime used =  59.00 sec 
	-> [fpsmc.cpp:main_analysis_make_hmm:311] nthreads:16 tk_l:64 theta:0.000233 rho:0.005357
	[total llh]  fwllh:-4238746498.711067
	[total llh]  bwllh:-4238746498.711062
	[total qval] qval:-2701532.203580
IT	5213
RD	5
LK	-4238746498.711067
QD	-2690729.141340 -> -2690277.081496
RI	?
TR	0.000233	0.005357
MT	23.861429
MM	buildhmm(wall(min),cpu(min)):(11.950000,143.971501) tk_l:64
RS	0	0.000000	7.400967	1000000.0	1000000.0	1000000.0
RS	1	0.009086	7.400967	1000000.0	1000000.0	1000000.0
RS	2	0.018998	7.400967	1000000.0	1000000.0	1000000.0
RS	3	0.029811	7.400967	1000000.0	1000000.0	1000000.0
RS	4	0.041606	2.734598	1000000.0	1000000.0	1000000.0
RS	5	0.054472	2.734598	1000000.0	1000000.0	1000000.0
RS	6	0.068508	0.795767	1000000.0	1000000.0	1000000.0
RS	7	0.083819	0.795767	1000000.0	1000000.0	1000000.0
RS	8	0.100521	0.356876	1000000.0	1000000.0	1000000.0
RS	9	0.118741	0.356876	1000000.0	1000000.0	1000000.0
RS	10	0.138616	0.241944	1000000.0	1000000.0	1000000.0
RS	11	0.160298	0.241944	1000000.0	1000000.0	1000000.0
RS	12	0.183949	0.226267	1000000.0	1000000.0	1000000.0
RS	13	0.209749	0.226267	1000000.0	1000000.0	1000000.0
RS	14	0.237894	0.272072	1000000.0	1000000.0	1000000.0
RS	15	0.268596	0.272072	1000000.0	1000000.0	1000000.0
RS	16	0.302088	0.400840	1000000.0	1000000.0	1000000.0
RS	17	0.338622	0.400840	1000000.0	1000000.0	1000000.0
RS	18	0.378477	0.662492	1000000.0	1000000.0	1000000.0
RS	19	0.421952	0.662492	1000000.0	1000000.0	1000000.0
RS	20	0.469378	1.091519	1000000.0	1000000.0	1000000.0
RS	21	0.521113	1.091519	1000000.0	1000000.0	1000000.0
RS	22	0.577549	1.637358	1000000.0	1000000.0	1000000.0
RS	23	0.639113	1.637358	1000000.0	1000000.0	1000000.0
RS	24	0.706271	2.164193	1000000.0	1000000.0	1000000.0
RS	25	0.779531	2.164193	1000000.0	1000000.0	1000000.0
RS	26	0.859447	2.558733	1000000.0	1000000.0	1000000.0
RS	27	0.946625	2.558733	1000000.0	1000000.0	1000000.0
RS	28	1.041724	2.796778	1000000.0	1000000.0	1000000.0
RS	29	1.145464	2.796778	1000000.0	1000000.0	1000000.0
RS	30	1.258630	2.916325	1000000.0	1000000.0	1000000.0
RS	31	1.382079	2.916325	1000000.0	1000000.0	1000000.0
RS	32	1.516744	2.962332	1000000.0	1000000.0	1000000.0
RS	33	1.663646	2.962332	1000000.0	1000000.0	1000000.0
RS	34	1.823895	2.963663	1000000.0	1000000.0	1000000.0
RS	35	1.998706	2.963663	1000000.0	1000000.0	1000000.0
RS	36	2.189399	2.936269	1000000.0	1000000.0	1000000.0
RS	37	2.397420	2.936269	1000000.0	1000000.0	1000000.0
RS	38	2.624342	2.892498	1000000.0	1000000.0	1000000.0
RS	39	2.871883	2.892498	1000000.0	1000000.0	1000000.0
RS	40	3.141916	2.834040	1000000.0	1000000.0	1000000.0
RS	41	3.436485	2.834040	1000000.0	1000000.0	1000000.0
RS	42	3.757819	2.764917	1000000.0	1000000.0	1000000.0
RS	43	4.108350	2.764917	1000000.0	1000000.0	1000000.0
RS	44	4.490732	2.686198	1000000.0	1000000.0	1000000.0
RS	45	4.907857	2.686198	1000000.0	1000000.0	1000000.0
RS	46	5.362884	2.603162	1000000.0	1000000.0	1000000.0
RS	47	5.859256	2.603162	1000000.0	1000000.0	1000000.0
RS	48	6.400729	2.529064	1000000.0	1000000.0	1000000.0
RS	49	6.991402	2.529064	1000000.0	1000000.0	1000000.0
RS	50	7.635745	2.502992	1000000.0	1000000.0	1000000.0
RS	51	8.338635	2.502992	1000000.0	1000000.0	1000000.0
RS	52	9.105391	2.597569	1000000.0	1000000.0	1000000.0
RS	53	9.941817	2.597569	1000000.0	1000000.0	1000000.0
RS	54	10.854242	3.041778	1000000.0	1000000.0	1000000.0
RS	55	11.849573	3.041778	1000000.0	1000000.0	1000000.0
RS	56	12.935341	3.041778	1000000.0	1000000.0	1000000.0
RS	57	14.119766	3.041778	1000000.0	1000000.0	1000000.0
RS	58	15.411811	3.893426	1000000.0	1000000.0	1000000.0
RS	59	16.821254	3.893426	1000000.0	1000000.0	1000000.0
RS	60	18.358763	3.893426	1000000.0	1000000.0	1000000.0
RS	61	20.035973	3.893426	1000000.0	1000000.0	1000000.0
RS	62	21.865580	3.893426	1000000.0	1000000.0	1000000.0
RS	63	23.861429	3.893426	1000000.0	1000000.0	1000000.0
PA	1*4+25*2+1*4+1*6 0.000233095 0.005357000 666.666666666 7.400966623 2.734597529 0.795767120 0.356875515 0.241944219 0.226267069 0.272072135 0.400840342 0.662492098 1.091518833 1.637357964 2.164193348 2.558732693 2.796778369 2.916324878 2.962332421 2.963663297 2.936268885 2.892498376 2.834039676 2.764916602 2.686197945 2.603162165 2.529063683 2.502992097 2.597569015 3.041778312 3.893426055
//
----------------------------------------
	-> Starting Optimization ndim:28
MM	optimization: (wall(min),cpu(min)):(1.000000,0.993000) maxqval:-2701332.510777
	-> [RUNOPTIM3 TIME]:runoptim3 cpu-time used =  59.58 sec 
	-> [RUNOPTIM3 Time]:runoptim3 walltime used =  60.00 sec 
	-> [fpsmc.cpp:main_analysis_make_hmm:311] nthreads:16 tk_l:64 theta:0.000233 rho:0.005357
	[total llh]  fwllh:-4238746157.894629
	[total llh]  bwllh:-4238746157.894624
	[total qval] qval:-2707331.579246
IT	5157
RD	6
LK	-4238746157.894629
QD	-2701532.203580 -> -2701332.510777
RI	?
TR	0.000233	0.005357
MT	23.861429
MM	buildhmm(wall(min),cpu(min)):(11.833333,141.104167) tk_l:64
RS	0	0.000000	7.431687	1000000.0	1000000.0	1000000.0
RS	1	0.009086	7.431687	1000000.0	1000000.0	1000000.0
RS	2	0.018998	7.431687	1000000.0	1000000.0	1000000.0
RS	3	0.029811	7.431687	1000000.0	1000000.0	1000000.0
RS	4	0.041606	3.554024	1000000.0	1000000.0	1000000.0
RS	5	0.054472	3.554024	1000000.0	1000000.0	1000000.0
RS	6	0.068508	0.925333	1000000.0	1000000.0	1000000.0
RS	7	0.083819	0.925333	1000000.0	1000000.0	1000000.0
RS	8	0.100521	0.378021	1000000.0	1000000.0	1000000.0
RS	9	0.118741	0.378021	1000000.0	1000000.0	1000000.0
RS	10	0.138616	0.241176	1000000.0	1000000.0	1000000.0
RS	11	0.160298	0.241176	1000000.0	1000000.0	1000000.0
RS	12	0.183949	0.216437	1000000.0	1000000.0	1000000.0
RS	13	0.209749	0.216437	1000000.0	1000000.0	1000000.0
RS	14	0.237894	0.255599	1000000.0	1000000.0	1000000.0
RS	15	0.268596	0.255599	1000000.0	1000000.0	1000000.0
RS	16	0.302088	0.381834	1000000.0	1000000.0	1000000.0
RS	17	0.338622	0.381834	1000000.0	1000000.0	1000000.0
RS	18	0.378477	0.655495	1000000.0	1000000.0	1000000.0
RS	19	0.421952	0.655495	1000000.0	1000000.0	1000000.0
RS	20	0.469378	1.123229	1000000.0	1000000.0	1000000.0
RS	21	0.521113	1.123229	1000000.0	1000000.0	1000000.0
RS	22	0.577549	1.723073	1000000.0	1000000.0	1000000.0
RS	23	0.639113	1.723073	1000000.0	1000000.0	1000000.0
RS	24	0.706271	2.282125	1000000.0	1000000.0	1000000.0
RS	25	0.779531	2.282125	1000000.0	1000000.0	1000000.0
RS	26	0.859447	2.667800	1000000.0	1000000.0	1000000.0
RS	27	0.946625	2.667800	1000000.0	1000000.0	1000000.0
RS	28	1.041724	2.876355	1000000.0	1000000.0	1000000.0
RS	29	1.145464	2.876355	1000000.0	1000000.0	1000000.0
RS	30	1.258630	2.967272	1000000.0	1000000.0	1000000.0
RS	31	1.382079	2.967272	1000000.0	1000000.0	1000000.0
RS	32	1.516744	2.995657	1000000.0	1000000.0	1000000.0
RS	33	1.663646	2.995657	1000000.0	1000000.0	1000000.0
RS	34	1.823895	2.992843	1000000.0	1000000.0	1000000.0
RS	35	1.998706	2.992843	1000000.0	1000000.0	1000000.0
RS	36	2.189399	2.971363	1000000.0	1000000.0	1000000.0
RS	37	2.397420	2.971363	1000000.0	1000000.0	1000000.0
RS	38	2.624342	2.939750	1000000.0	1000000.0	1000000.0
RS	39	2.871883	2.939750	1000000.0	1000000.0	1000000.0
RS	40	3.141916	2.895929	1000000.0	1000000.0	1000000.0
RS	41	3.436485	2.895929	1000000.0	1000000.0	1000000.0
RS	42	3.757819	2.840264	1000000.0	1000000.0	1000000.0
RS	43	4.108350	2.840264	1000000.0	1000000.0	1000000.0
RS	44	4.490732	2.771817	1000000.0	1000000.0	1000000.0
RS	45	4.907857	2.771817	1000000.0	1000000.0	1000000.0
RS	46	5.362884	2.694362	1000000.0	1000000.0	1000000.0
RS	47	5.859256	2.694362	1000000.0	1000000.0	1000000.0
RS	48	6.400729	2.622246	1000000.0	1000000.0	1000000.0
RS	49	6.991402	2.622246	1000000.0	1000000.0	1000000.0
RS	50	7.635745	2.598581	1000000.0	1000000.0	1000000.0
RS	51	8.338635	2.598581	1000000.0	1000000.0	1000000.0
RS	52	9.105391	2.703875	1000000.0	1000000.0	1000000.0
RS	53	9.941817	2.703875	1000000.0	1000000.0	1000000.0
RS	54	10.854242	3.192325	1000000.0	1000000.0	1000000.0
RS	55	11.849573	3.192325	1000000.0	1000000.0	1000000.0
RS	56	12.935341	3.192325	1000000.0	1000000.0	1000000.0
RS	57	14.119766	3.192325	1000000.0	1000000.0	1000000.0
RS	58	15.411811	4.152125	1000000.0	1000000.0	1000000.0
RS	59	16.821254	4.152125	1000000.0	1000000.0	1000000.0
RS	60	18.358763	4.152125	1000000.0	1000000.0	1000000.0
RS	61	20.035973	4.152125	1000000.0	1000000.0	1000000.0
RS	62	21.865580	4.152125	1000000.0	1000000.0	1000000.0
RS	63	23.861429	4.152125	1000000.0	1000000.0	1000000.0
PA	1*4+25*2+1*4+1*6 0.000233095 0.005357000 666.666666666 7.431687361 3.554023606 0.925333075 0.378021489 0.241175961 0.216436590 0.255599436 0.381833909 0.655494860 1.123228643 1.723072845 2.282124582 2.667800289 2.876354528 2.967271693 2.995657205 2.992843202 2.971362731 2.939750233 2.895929215 2.840263835 2.771816599 2.694362043 2.622246357 2.598581233 2.703875255 3.192325475 4.152124765
//
----------------------------------------
	-> Starting Optimization ndim:28
MM	optimization: (wall(min),cpu(min)):(0.966667,0.972333) maxqval:-2707229.452532
	-> [RUNOPTIM3 TIME]:runoptim3 cpu-time used =  58.34 sec 
	-> [RUNOPTIM3 Time]:runoptim3 walltime used =  58.00 sec 
	-> [fpsmc.cpp:main_analysis_make_hmm:311] nthreads:16 tk_l:64 theta:0.000233 rho:0.005357
	[total llh]  fwllh:-4238745978.481572
	[total llh]  bwllh:-4238745978.481577
	[total qval] qval:-2710448.732812
IT	5619
RD	7
LK	-4238745978.481572
QD	-2707331.579246 -> -2707229.452532
RI	?
TR	0.000233	0.005357
MT	23.861429
MM	buildhmm(wall(min),cpu(min)):(11.683333,141.029329) tk_l:64
RS	0	0.000000	7.454580	1000000.0	1000000.0	1000000.0
RS	1	0.009086	7.454580	1000000.0	1000000.0	1000000.0
RS	2	0.018998	7.454580	1000000.0	1000000.0	1000000.0
RS	3	0.029811	7.454580	1000000.0	1000000.0	1000000.0
RS	4	0.041606	4.441572	1000000.0	1000000.0	1000000.0
RS	5	0.054472	4.441572	1000000.0	1000000.0	1000000.0
RS	6	0.068508	1.059028	1000000.0	1000000.0	1000000.0
RS	7	0.083819	1.059028	1000000.0	1000000.0	1000000.0
RS	8	0.100521	0.400082	1000000.0	1000000.0	1000000.0
RS	9	0.118741	0.400082	1000000.0	1000000.0	1000000.0
RS	10	0.138616	0.242532	1000000.0	1000000.0	1000000.0
RS	11	0.160298	0.242532	1000000.0	1000000.0	1000000.0
RS	12	0.183949	0.209885	1000000.0	1000000.0	1000000.0
RS	13	0.209749	0.209885	1000000.0	1000000.0	1000000.0
RS	14	0.237894	0.243631	1000000.0	1000000.0	1000000.0
RS	15	0.268596	0.243631	1000000.0	1000000.0	1000000.0
RS	16	0.302088	0.368060	1000000.0	1000000.0	1000000.0
RS	17	0.338622	0.368060	1000000.0	1000000.0	1000000.0
RS	18	0.378477	0.653159	1000000.0	1000000.0	1000000.0
RS	19	0.421952	0.653159	1000000.0	1000000.0	1000000.0
RS	20	0.469378	1.157430	1000000.0	1000000.0	1000000.0
RS	21	0.521113	1.157430	1000000.0	1000000.0	1000000.0
RS	22	0.577549	1.804627	1000000.0	1000000.0	1000000.0
RS	23	0.639113	1.804627	1000000.0	1000000.0	1000000.0
RS	24	0.706271	2.385346	1000000.0	1000000.0	1000000.0
RS	25	0.779531	2.385346	1000000.0	1000000.0	1000000.0
RS	26	0.859447	2.750653	1000000.0	1000000.0	1000000.0
RS	27	0.946625	2.750653	1000000.0	1000000.0	1000000.0
RS	28	1.041724	2.921790	1000000.0	1000000.0	1000000.0
RS	29	1.145464	2.921790	1000000.0	1000000.0	1000000.0
RS	30	1.258630	2.981076	1000000.0	1000000.0	1000000.0
RS	31	1.382079	2.981076	1000000.0	1000000.0	1000000.0
RS	32	1.516744	2.992104	1000000.0	1000000.0	1000000.0
RS	33	1.663646	2.992104	1000000.0	1000000.0	1000000.0
RS	34	1.823895	2.984799	1000000.0	1000000.0	1000000.0
RS	35	1.998706	2.984799	1000000.0	1000000.0	1000000.0
RS	36	2.189399	2.970829	1000000.0	1000000.0	1000000.0
RS	37	2.397420	2.970829	1000000.0	1000000.0	1000000.0
RS	38	2.624342	2.952325	1000000.0	1000000.0	1000000.0
RS	39	2.871883	2.952325	1000000.0	1000000.0	1000000.0
RS	40	3.141916	2.924092	1000000.0	1000000.0	1000000.0
RS	41	3.436485	2.924092	1000000.0	1000000.0	1000000.0
RS	42	3.757819	2.883754	1000000.0	1000000.0	1000000.0
RS	43	4.108350	2.883754	1000000.0	1000000.0	1000000.0
RS	44	4.490732	2.826650	1000000.0	1000000.0	1000000.0
RS	45	4.907857	2.826650	1000000.0	1000000.0	1000000.0
RS	46	5.362884	2.755521	1000000.0	1000000.0	1000000.0
RS	47	5.859256	2.755521	1000000.0	1000000.0	1000000.0
RS	48	6.400729	2.686055	1000000.0	1000000.0	1000000.0
RS	49	6.991402	2.686055	1000000.0	1000000.0	1000000.0
RS	50	7.635745	2.664605	1000000.0	1000000.0	1000000.0
RS	51	8.338635	2.664605	1000000.0	1000000.0	1000000.0
RS	52	9.105391	2.777344	1000000.0	1000000.0	1000000.0
RS	53	9.941817	2.777344	1000000.0	1000000.0	1000000.0
RS	54	10.854242	3.302130	1000000.0	1000000.0	1000000.0
RS	55	11.849573	3.302130	1000000.0	1000000.0	1000000.0
RS	56	12.935341	3.302130	1000000.0	1000000.0	1000000.0
RS	57	14.119766	3.302130	1000000.0	1000000.0	1000000.0
RS	58	15.411811	4.361146	1000000.0	1000000.0	1000000.0
RS	59	16.821254	4.361146	1000000.0	1000000.0	1000000.0
RS	60	18.358763	4.361146	1000000.0	1000000.0	1000000.0
RS	61	20.035973	4.361146	1000000.0	1000000.0	1000000.0
RS	62	21.865580	4.361146	1000000.0	1000000.0	1000000.0
RS	63	23.861429	4.361146	1000000.0	1000000.0	1000000.0
PA	1*4+25*2+1*4+1*6 0.000233095 0.005357000 666.666666666 7.454580025 4.441572119 1.059028237 0.400081542 0.242531781 0.209885139 0.243630653 0.368060478 0.653158824 1.157430168 1.804626740 2.385346381 2.750652867 2.921790353 2.981075991 2.992104276 2.984798739 2.970828968 2.952325434 2.924091787 2.883753645 2.826650409 2.755521322 2.686054769 2.664605248 2.777343577 3.302129743 4.361146419
//
----------------------------------------
	-> Starting Optimization ndim:28
MM	optimization: (wall(min),cpu(min)):(1.066667,1.050167) maxqval:-2710388.955353
	-> [RUNOPTIM3 TIME]:runoptim3 cpu-time used =  63.01 sec 
	-> [RUNOPTIM3 Time]:runoptim3 walltime used =  64.00 sec 
	-> [fpsmc.cpp:main_analysis_make_hmm:311] nthreads:16 tk_l:64 theta:0.000233 rho:0.005357
	[total llh]  fwllh:-4238745871.029246
	[total llh]  bwllh:-4238745871.029267
	[total qval] qval:-2712043.058407
IT	6140
RD	8
LK	-4238745871.029246
QD	-2710448.732812 -> -2710388.955353
RI	?
TR	0.000233	0.005357
MT	23.861429
MM	buildhmm(wall(min),cpu(min)):(11.433333,147.366162) tk_l:64
RS	0	0.000000	7.436922	1000000.0	1000000.0	1000000.0
RS	1	0.009086	7.436922	1000000.0	1000000.0	1000000.0
RS	2	0.018998	7.436922	1000000.0	1000000.0	1000000.0
RS	3	0.029811	7.436922	1000000.0	1000000.0	1000000.0
RS	4	0.041606	5.338537	1000000.0	1000000.0	1000000.0
RS	5	0.054472	5.338537	1000000.0	1000000.0	1000000.0
RS	6	0.068508	1.187646	1000000.0	1000000.0	1000000.0
RS	7	0.083819	1.187646	1000000.0	1000000.0	1000000.0
RS	8	0.100521	0.421235	1000000.0	1000000.0	1000000.0
RS	9	0.118741	0.421235	1000000.0	1000000.0	1000000.0
RS	10	0.138616	0.244832	1000000.0	1000000.0	1000000.0
RS	11	0.160298	0.244832	1000000.0	1000000.0	1000000.0
RS	12	0.183949	0.205252	1000000.0	1000000.0	1000000.0
RS	13	0.209749	0.205252	1000000.0	1000000.0	1000000.0
RS	14	0.237894	0.234420	1000000.0	1000000.0	1000000.0
RS	15	0.268596	0.234420	1000000.0	1000000.0	1000000.0
RS	16	0.302088	0.357621	1000000.0	1000000.0	1000000.0
RS	17	0.338622	0.357621	1000000.0	1000000.0	1000000.0
RS	18	0.378477	0.654133	1000000.0	1000000.0	1000000.0
RS	19	0.421952	0.654133	1000000.0	1000000.0	1000000.0
RS	20	0.469378	1.193775	1000000.0	1000000.0	1000000.0
RS	21	0.521113	1.193775	1000000.0	1000000.0	1000000.0
RS	22	0.577549	1.883575	1000000.0	1000000.0	1000000.0
RS	23	0.639113	1.883575	1000000.0	1000000.0	1000000.0
RS	24	0.706271	2.478699	1000000.0	1000000.0	1000000.0
RS	25	0.779531	2.478699	1000000.0	1000000.0	1000000.0
RS	26	0.859447	2.817364	1000000.0	1000000.0	1000000.0
RS	27	0.946625	2.817364	1000000.0	1000000.0	1000000.0
RS	28	1.041724	2.948234	1000000.0	1000000.0	1000000.0
RS	29	1.145464	2.948234	1000000.0	1000000.0	1000000.0
RS	30	1.258630	2.977219	1000000.0	1000000.0	1000000.0
RS	31	1.382079	2.977219	1000000.0	1000000.0	1000000.0
RS	32	1.516744	2.971915	1000000.0	1000000.0	1000000.0
RS	33	1.663646	2.971915	1000000.0	1000000.0	1000000.0
RS	34	1.823895	2.962003	1000000.0	1000000.0	1000000.0
RS	35	1.998706	2.962003	1000000.0	1000000.0	1000000.0
RS	36	2.189399	2.954218	1000000.0	1000000.0	1000000.0
RS	37	2.397420	2.954218	1000000.0	1000000.0	1000000.0
RS	38	2.624342	2.947968	1000000.0	1000000.0	1000000.0
RS	39	2.871883	2.947968	1000000.0	1000000.0	1000000.0
RS	40	3.141916	2.934661	1000000.0	1000000.0	1000000.0
RS	41	3.436485	2.934661	1000000.0	1000000.0	1000000.0
RS	42	3.757819	2.908412	1000000.0	1000000.0	1000000.0
RS	43	4.108350	2.908412	1000000.0	1000000.0	1000000.0
RS	44	4.490732	2.862412	1000000.0	1000000.0	1000000.0
RS	45	4.907857	2.862412	1000000.0	1000000.0	1000000.0
RS	46	5.362884	2.797657	1000000.0	1000000.0	1000000.0
RS	47	5.859256	2.797657	1000000.0	1000000.0	1000000.0
RS	48	6.400729	2.730410	1000000.0	1000000.0	1000000.0
RS	49	6.991402	2.730410	1000000.0	1000000.0	1000000.0
RS	50	7.635745	2.709740	1000000.0	1000000.0	1000000.0
RS	51	8.338635	2.709740	1000000.0	1000000.0	1000000.0
RS	52	9.105391	2.827240	1000000.0	1000000.0	1000000.0
RS	53	9.941817	2.827240	1000000.0	1000000.0	1000000.0
RS	54	10.854242	3.382516	1000000.0	1000000.0	1000000.0
RS	55	11.849573	3.382516	1000000.0	1000000.0	1000000.0
RS	56	12.935341	3.382516	1000000.0	1000000.0	1000000.0
RS	57	14.119766	3.382516	1000000.0	1000000.0	1000000.0
RS	58	15.411811	4.538239	1000000.0	1000000.0	1000000.0
RS	59	16.821254	4.538239	1000000.0	1000000.0	1000000.0
RS	60	18.358763	4.538239	1000000.0	1000000.0	1000000.0
RS	61	20.035973	4.538239	1000000.0	1000000.0	1000000.0
RS	62	21.865580	4.538239	1000000.0	1000000.0	1000000.0
RS	63	23.861429	4.538239	1000000.0	1000000.0	1000000.0
PA	1*4+25*2+1*4+1*6 0.000233095 0.005357000 666.666666666 7.436921636 5.338536930 1.187646183 0.421234997 0.244831753 0.205252485 0.234420051 0.357621290 0.654133114 1.193774861 1.883574999 2.478699492 2.817363540 2.948233542 2.977219056 2.971914992 2.962003398 2.954217635 2.947967538 2.934661015 2.908412218 2.862412112 2.797656817 2.730409783 2.709739773 2.827239672 3.382515974 4.538239062
//
----------------------------------------
	-> Starting Optimization ndim:28
MM	optimization: (wall(min),cpu(min)):(1.516667,1.516000) maxqval:-2712004.155230
	-> [RUNOPTIM3 TIME]:runoptim3 cpu-time used =  90.96 sec 
	-> [RUNOPTIM3 Time]:runoptim3 walltime used =  91.00 sec 
	-> [fpsmc.cpp:main_analysis_make_hmm:311] nthreads:16 tk_l:64 theta:0.000233 rho:0.005357
	[total llh]  fwllh:-4238745799.985001
	[total llh]  bwllh:-4238745799.984985
	[total qval] qval:-2712741.574818
IT	7242
RD	9
LK	-4238745799.985001
QD	-2712043.058407 -> -2712004.155230
RI	?
TR	0.000233	0.005357
MT	23.861429
MM	buildhmm(wall(min),cpu(min)):(10.583333,164.080339) tk_l:64
RS	0	0.000000	7.333753	1000000.0	1000000.0	1000000.0
RS	1	0.009086	7.333753	1000000.0	1000000.0	1000000.0
RS	2	0.018998	7.333753	1000000.0	1000000.0	1000000.0
RS	3	0.029811	7.333753	1000000.0	1000000.0	1000000.0
RS	4	0.041606	6.163487	1000000.0	1000000.0	1000000.0
RS	5	0.054472	6.163487	1000000.0	1000000.0	1000000.0
RS	6	0.068508	1.306933	1000000.0	1000000.0	1000000.0
RS	7	0.083819	1.306933	1000000.0	1000000.0	1000000.0
RS	8	0.100521	0.441063	1000000.0	1000000.0	1000000.0
RS	9	0.118741	0.441063	1000000.0	1000000.0	1000000.0
RS	10	0.138616	0.247590	1000000.0	1000000.0	1000000.0
RS	11	0.160298	0.247590	1000000.0	1000000.0	1000000.0
RS	12	0.183949	0.201802	1000000.0	1000000.0	1000000.0
RS	13	0.209749	0.201802	1000000.0	1000000.0	1000000.0
RS	14	0.237894	0.227078	1000000.0	1000000.0	1000000.0
RS	15	0.268596	0.227078	1000000.0	1000000.0	1000000.0
RS	16	0.302088	0.349388	1000000.0	1000000.0	1000000.0
RS	17	0.338622	0.349388	1000000.0	1000000.0	1000000.0
RS	18	0.378477	0.657172	1000000.0	1000000.0	1000000.0
RS	19	0.421952	0.657172	1000000.0	1000000.0	1000000.0
RS	20	0.469378	1.230939	1000000.0	1000000.0	1000000.0
RS	21	0.521113	1.230939	1000000.0	1000000.0	1000000.0
RS	22	0.577549	1.962535	1000000.0	1000000.0	1000000.0
RS	23	0.639113	1.962535	1000000.0	1000000.0	1000000.0
RS	24	0.706271	2.565281	1000000.0	1000000.0	1000000.0
RS	25	0.779531	2.565281	1000000.0	1000000.0	1000000.0
RS	26	0.859447	2.874254	1000000.0	1000000.0	1000000.0
RS	27	0.946625	2.874254	1000000.0	1000000.0	1000000.0
RS	28	1.041724	2.964680	1000000.0	1000000.0	1000000.0
RS	29	1.145464	2.964680	1000000.0	1000000.0	1000000.0
RS	30	1.258630	2.964885	1000000.0	1000000.0	1000000.0
RS	31	1.382079	2.964885	1000000.0	1000000.0	1000000.0
RS	32	1.516744	2.946201	1000000.0	1000000.0	1000000.0
RS	33	1.663646	2.946201	1000000.0	1000000.0	1000000.0
RS	34	1.823895	2.933253	1000000.0	1000000.0	1000000.0
RS	35	1.998706	2.933253	1000000.0	1000000.0	1000000.0
RS	36	2.189399	2.931880	1000000.0	1000000.0	1000000.0
RS	37	2.397420	2.931880	1000000.0	1000000.0	1000000.0
RS	38	2.624342	2.936478	1000000.0	1000000.0	1000000.0
RS	39	2.871883	2.936478	1000000.0	1000000.0	1000000.0
RS	40	3.141916	2.936097	1000000.0	1000000.0	1000000.0
RS	41	3.436485	2.936097	1000000.0	1000000.0	1000000.0
RS	42	3.757819	2.922955	1000000.0	1000000.0	1000000.0
RS	43	4.108350	2.922955	1000000.0	1000000.0	1000000.0
RS	44	4.490732	2.886778	1000000.0	1000000.0	1000000.0
RS	45	4.907857	2.886778	1000000.0	1000000.0	1000000.0
RS	46	5.362884	2.827417	1000000.0	1000000.0	1000000.0
RS	47	5.859256	2.827417	1000000.0	1000000.0	1000000.0
RS	48	6.400729	2.761739	1000000.0	1000000.0	1000000.0
RS	49	6.991402	2.761739	1000000.0	1000000.0	1000000.0
RS	50	7.635745	2.740425	1000000.0	1000000.0	1000000.0
RS	51	8.338635	2.740425	1000000.0	1000000.0	1000000.0
RS	52	9.105391	2.860290	1000000.0	1000000.0	1000000.0
RS	53	9.941817	2.860290	1000000.0	1000000.0	1000000.0
RS	54	10.854242	3.440500	1000000.0	1000000.0	1000000.0
RS	55	11.849573	3.440500	1000000.0	1000000.0	1000000.0
RS	56	12.935341	3.440500	1000000.0	1000000.0	1000000.0
RS	57	14.119766	3.440500	1000000.0	1000000.0	1000000.0
RS	58	15.411811	4.691259	1000000.0	1000000.0	1000000.0
RS	59	16.821254	4.691259	1000000.0	1000000.0	1000000.0
RS	60	18.358763	4.691259	1000000.0	1000000.0	1000000.0
RS	61	20.035973	4.691259	1000000.0	1000000.0	1000000.0
RS	62	21.865580	4.691259	1000000.0	1000000.0	1000000.0
RS	63	23.861429	4.691259	1000000.0	1000000.0	1000000.0
PA	1*4+25*2+1*4+1*6 0.000233095 0.005357000 666.666666666 7.333752812 6.163487229 1.306933084 0.441063451 0.247590238 0.201801744 0.227077890 0.349387668 0.657171720 1.230939438 1.962535196 2.565281059 2.874253587 2.964680358 2.964885335 2.946201033 2.933253276 2.931880036 2.936478489 2.936096814 2.922954662 2.886778159 2.827416603 2.761738574 2.740424707 2.860289855 3.440500437 4.691258997
//
----------------------------------------
	-> Starting Optimization ndim:28
MM	optimization: (wall(min),cpu(min)):(0.783333,0.767333) maxqval:-2712714.738396
	-> [RUNOPTIM3 TIME]:runoptim3 cpu-time used =  46.04 sec 
	-> [RUNOPTIM3 Time]:runoptim3 walltime used =  47.00 sec 
	-> [fpsmc.cpp:main_analysis_make_hmm:311] nthreads:16 tk_l:64 theta:0.000233 rho:0.005357
	[total llh]  fwllh:-4238745750.146075
	[total llh]  bwllh:-4238745750.146060
	[total qval] qval:-2712914.036027
IT	3761
RD	10
LK	-4238745750.146075
QD	-2712741.574818 -> -2712714.738396
RI	?
TR	0.000233	0.005357
MT	23.861429
MM	buildhmm(wall(min),cpu(min)):(10.933333,168.967334) tk_l:64
RS	0	0.000000	7.329537	1000000.0	1000000.0	1000000.0
RS	1	0.009086	7.329537	1000000.0	1000000.0	1000000.0
RS	2	0.018998	7.329537	1000000.0	1000000.0	1000000.0
RS	3	0.029811	7.329537	1000000.0	1000000.0	1000000.0
RS	4	0.041606	6.177390	1000000.0	1000000.0	1000000.0
RS	5	0.054472	6.177390	1000000.0	1000000.0	1000000.0
RS	6	0.068508	1.422186	1000000.0	1000000.0	1000000.0
RS	7	0.083819	1.422186	1000000.0	1000000.0	1000000.0
RS	8	0.100521	0.459486	1000000.0	1000000.0	1000000.0
RS	9	0.118741	0.459486	1000000.0	1000000.0	1000000.0
RS	10	0.138616	0.250422	1000000.0	1000000.0	1000000.0
RS	11	0.160298	0.250422	1000000.0	1000000.0	1000000.0
RS	12	0.183949	0.199215	1000000.0	1000000.0	1000000.0
RS	13	0.209749	0.199215	1000000.0	1000000.0	1000000.0
RS	14	0.237894	0.221039	1000000.0	1000000.0	1000000.0
RS	15	0.268596	0.221039	1000000.0	1000000.0	1000000.0
RS	16	0.302088	0.342748	1000000.0	1000000.0	1000000.0
RS	17	0.338622	0.342748	1000000.0	1000000.0	1000000.0
RS	18	0.378477	0.662075	1000000.0	1000000.0	1000000.0
RS	19	0.421952	0.662075	1000000.0	1000000.0	1000000.0
RS	20	0.469378	1.269597	1000000.0	1000000.0	1000000.0
RS	21	0.521113	1.269597	1000000.0	1000000.0	1000000.0
RS	22	0.577549	2.038855	1000000.0	1000000.0	1000000.0
RS	23	0.639113	2.038855	1000000.0	1000000.0	1000000.0
RS	24	0.706271	2.646953	1000000.0	1000000.0	1000000.0
RS	25	0.779531	2.646953	1000000.0	1000000.0	1000000.0
RS	26	0.859447	2.923726	1000000.0	1000000.0	1000000.0
RS	27	0.946625	2.923726	1000000.0	1000000.0	1000000.0
RS	28	1.041724	2.975531	1000000.0	1000000.0	1000000.0
RS	29	1.145464	2.975531	1000000.0	1000000.0	1000000.0
RS	30	1.258630	2.950013	1000000.0	1000000.0	1000000.0
RS	31	1.382079	2.950013	1000000.0	1000000.0	1000000.0
RS	32	1.516744	2.918824	1000000.0	1000000.0	1000000.0
RS	33	1.663646	2.918824	1000000.0	1000000.0	1000000.0
RS	34	1.823895	2.904434	1000000.0	1000000.0	1000000.0
RS	35	1.998706	2.904434	1000000.0	1000000.0	1000000.0
RS	36	2.189399	2.908657	1000000.0	1000000.0	1000000.0
RS	37	2.397420	2.908657	1000000.0	1000000.0	1000000.0
RS	38	2.624342	2.922812	1000000.0	1000000.0	1000000.0
RS	39	2.871883	2.922812	1000000.0	1000000.0	1000000.0
RS	40	3.141916	2.934013	1000000.0	1000000.0	1000000.0
RS	41	3.436485	2.934013	1000000.0	1000000.0	1000000.0
RS	42	3.757819	2.931959	1000000.0	1000000.0	1000000.0
RS	43	4.108350	2.931959	1000000.0	1000000.0	1000000.0
RS	44	4.490732	2.904213	1000000.0	1000000.0	1000000.0
RS	45	4.907857	2.904213	1000000.0	1000000.0	1000000.0
RS	46	5.362884	2.849459	1000000.0	1000000.0	1000000.0
RS	47	5.859256	2.849459	1000000.0	1000000.0	1000000.0
RS	48	6.400729	2.784223	1000000.0	1000000.0	1000000.0
RS	49	6.991402	2.784223	1000000.0	1000000.0	1000000.0
RS	50	7.635745	2.760888	1000000.0	1000000.0	1000000.0
RS	51	8.338635	2.760888	1000000.0	1000000.0	1000000.0
RS	52	9.105391	2.881673	1000000.0	1000000.0	1000000.0
RS	53	9.941817	2.881673	1000000.0	1000000.0	1000000.0
RS	54	10.854242	3.482481	1000000.0	1000000.0	1000000.0
RS	55	11.849573	3.482481	1000000.0	1000000.0	1000000.0
RS	56	12.935341	3.482481	1000000.0	1000000.0	1000000.0
RS	57	14.119766	3.482481	1000000.0	1000000.0	1000000.0
RS	58	15.411811	4.825712	1000000.0	1000000.0	1000000.0
RS	59	16.821254	4.825712	1000000.0	1000000.0	1000000.0
RS	60	18.358763	4.825712	1000000.0	1000000.0	1000000.0
RS	61	20.035973	4.825712	1000000.0	1000000.0	1000000.0
RS	62	21.865580	4.825712	1000000.0	1000000.0	1000000.0
RS	63	23.861429	4.825712	1000000.0	1000000.0	1000000.0
PA	1*4+25*2+1*4+1*6 0.000233095 0.005357000 666.666666666 7.329537109 6.177389755 1.422185626 0.459485589 0.250422408 0.199214969 0.221038747 0.342748286 0.662075262 1.269597462 2.038855031 2.646952688 2.923726128 2.975531139 2.950013080 2.918823815 2.904434456 2.908656826 2.922812385 2.934012657 2.931958640 2.904213000 2.849458639 2.784222799 2.760887725 2.881672690 3.482480829 4.825712408
//
----------------------------------------
	-> Starting Optimization ndim:28
MM	optimization: (wall(min),cpu(min)):(0.800000,0.791333) maxqval:-2712894.023115
	-> [RUNOPTIM3 TIME]:runoptim3 cpu-time used =  47.48 sec 
	-> [RUNOPTIM3 Time]:runoptim3 walltime used =  48.00 sec 
	-> [fpsmc.cpp:main_analysis_make_hmm:311] nthreads:16 tk_l:64 theta:0.000233 rho:0.005357
	[total llh]  fwllh:-4238745712.440703
	[total llh]  bwllh:-4238745712.440697
	[total qval] qval:-2712760.011782
IT	3761
RD	11
LK	-4238745712.440703
QD	-2712914.036027 -> -2712894.023115
RI	?
TR	0.000233	0.005357
MT	23.861429
MM	buildhmm(wall(min),cpu(min)):(10.750000,166.670654) tk_l:64
RS	0	0.000000	7.324132	1000000.0	1000000.0	1000000.0
RS	1	0.009086	7.324132	1000000.0	1000000.0	1000000.0
RS	2	0.018998	7.324132	1000000.0	1000000.0	1000000.0
RS	3	0.029811	7.324132	1000000.0	1000000.0	1000000.0
RS	4	0.041606	6.189829	1000000.0	1000000.0	1000000.0
RS	5	0.054472	6.189829	1000000.0	1000000.0	1000000.0
RS	6	0.068508	1.528183	1000000.0	1000000.0	1000000.0
RS	7	0.083819	1.528183	1000000.0	1000000.0	1000000.0
RS	8	0.100521	0.476381	1000000.0	1000000.0	1000000.0
RS	9	0.118741	0.476381	1000000.0	1000000.0	1000000.0
RS	10	0.138616	0.253358	1000000.0	1000000.0	1000000.0
RS	11	0.160298	0.253358	1000000.0	1000000.0	1000000.0
RS	12	0.183949	0.197151	1000000.0	1000000.0	1000000.0
RS	13	0.209749	0.197151	1000000.0	1000000.0	1000000.0
RS	14	0.237894	0.215806	1000000.0	1000000.0	1000000.0
RS	15	0.268596	0.215806	1000000.0	1000000.0	1000000.0
RS	16	0.302088	0.337088	1000000.0	1000000.0	1000000.0
RS	17	0.338622	0.337088	1000000.0	1000000.0	1000000.0
RS	18	0.378477	0.667693	1000000.0	1000000.0	1000000.0
RS	19	0.421952	0.667693	1000000.0	1000000.0	1000000.0
RS	20	0.469378	1.308501	1000000.0	1000000.0	1000000.0
RS	21	0.521113	1.308501	1000000.0	1000000.0	1000000.0
RS	22	0.577549	2.114798	1000000.0	1000000.0	1000000.0
RS	23	0.639113	2.114798	1000000.0	1000000.0	1000000.0
RS	24	0.706271	2.725111	1000000.0	1000000.0	1000000.0
RS	25	0.779531	2.725111	1000000.0	1000000.0	1000000.0
RS	26	0.859447	2.968058	1000000.0	1000000.0	1000000.0
RS	27	0.946625	2.968058	1000000.0	1000000.0	1000000.0
RS	28	1.041724	2.982853	1000000.0	1000000.0	1000000.0
RS	29	1.145464	2.982853	1000000.0	1000000.0	1000000.0
RS	30	1.258630	2.933755	1000000.0	1000000.0	1000000.0
RS	31	1.382079	2.933755	1000000.0	1000000.0	1000000.0
RS	32	1.516744	2.892266	1000000.0	1000000.0	1000000.0
RS	33	1.663646	2.892266	1000000.0	1000000.0	1000000.0
RS	34	1.823895	2.877620	1000000.0	1000000.0	1000000.0
RS	35	1.998706	2.877620	1000000.0	1000000.0	1000000.0
RS	36	2.189399	2.886908	1000000.0	1000000.0	1000000.0
RS	37	2.397420	2.886908	1000000.0	1000000.0	1000000.0
RS	38	2.624342	2.909468	1000000.0	1000000.0	1000000.0
RS	39	2.871883	2.909468	1000000.0	1000000.0	1000000.0
RS	40	3.141916	2.930734	1000000.0	1000000.0	1000000.0
RS	41	3.436485	2.930734	1000000.0	1000000.0	1000000.0
RS	42	3.757819	2.938148	1000000.0	1000000.0	1000000.0
RS	43	4.108350	2.938148	1000000.0	1000000.0	1000000.0
RS	44	4.490732	2.917475	1000000.0	1000000.0	1000000.0
RS	45	4.907857	2.917475	1000000.0	1000000.0	1000000.0
RS	46	5.362884	2.866049	1000000.0	1000000.0	1000000.0
RS	47	5.859256	2.866049	1000000.0	1000000.0	1000000.0
RS	48	6.400729	2.800161	1000000.0	1000000.0	1000000.0
RS	49	6.991402	2.800161	1000000.0	1000000.0	1000000.0
RS	50	7.635745	2.774077	1000000.0	1000000.0	1000000.0
RS	51	8.338635	2.774077	1000000.0	1000000.0	1000000.0
RS	52	9.105391	2.894308	1000000.0	1000000.0	1000000.0
RS	53	9.941817	2.894308	1000000.0	1000000.0	1000000.0
RS	54	10.854242	3.512454	1000000.0	1000000.0	1000000.0
RS	55	11.849573	3.512454	1000000.0	1000000.0	1000000.0
RS	56	12.935341	3.512454	1000000.0	1000000.0	1000000.0
RS	57	14.119766	3.512454	1000000.0	1000000.0	1000000.0
RS	58	15.411811	4.947082	1000000.0	1000000.0	1000000.0
RS	59	16.821254	4.947082	1000000.0	1000000.0	1000000.0
RS	60	18.358763	4.947082	1000000.0	1000000.0	1000000.0
RS	61	20.035973	4.947082	1000000.0	1000000.0	1000000.0
RS	62	21.865580	4.947082	1000000.0	1000000.0	1000000.0
RS	63	23.861429	4.947082	1000000.0	1000000.0	1000000.0
PA	1*4+25*2+1*4+1*6 0.000233095 0.005357000 666.666666666 7.324131598 6.189828866 1.528183437 0.476381018 0.253358470 0.197151286 0.215806314 0.337087745 0.667692639 1.308500643 2.114798418 2.725111329 2.968057864 2.982853444 2.933754954 2.892266245 2.877619795 2.886908331 2.909467669 2.930733707 2.938147526 2.917474724 2.866049300 2.800160925 2.774076906 2.894308095 3.512453846 4.947081970
//
----------------------------------------
	-> Starting Optimization ndim:28
MM	optimization: (wall(min),cpu(min)):(0.766667,0.766167) maxqval:-2712744.543174
	-> [RUNOPTIM3 TIME]:runoptim3 cpu-time used =  45.97 sec 
	-> [RUNOPTIM3 Time]:runoptim3 walltime used =  46.00 sec 
	-> [fpsmc.cpp:main_analysis_make_hmm:311] nthreads:16 tk_l:64 theta:0.000233 rho:0.005357
	[total llh]  fwllh:-4238745683.333009
	[total llh]  bwllh:-4238745683.333026
	[total qval] qval:-2712439.930271
IT	3703
RD	12
LK	-4238745683.333009
QD	-2712760.011782 -> -2712744.543174
RI	?
TR	0.000233	0.005357
MT	23.861429
MM	buildhmm(wall(min),cpu(min)):(10.850000,165.449837) tk_l:64
RS	0	0.000000	7.317863	1000000.0	1000000.0	1000000.0
RS	1	0.009086	7.317863	1000000.0	1000000.0	1000000.0
RS	2	0.018998	7.317863	1000000.0	1000000.0	1000000.0
RS	3	0.029811	7.317863	1000000.0	1000000.0	1000000.0
RS	4	0.041606	6.200413	1000000.0	1000000.0	1000000.0
RS	5	0.054472	6.200413	1000000.0	1000000.0	1000000.0
RS	6	0.068508	1.623831	1000000.0	1000000.0	1000000.0
RS	7	0.083819	1.623831	1000000.0	1000000.0	1000000.0
RS	8	0.100521	0.491863	1000000.0	1000000.0	1000000.0
RS	9	0.118741	0.491863	1000000.0	1000000.0	1000000.0
RS	10	0.138616	0.256250	1000000.0	1000000.0	1000000.0
RS	11	0.160298	0.256250	1000000.0	1000000.0	1000000.0
RS	12	0.183949	0.195509	1000000.0	1000000.0	1000000.0
RS	13	0.209749	0.195509	1000000.0	1000000.0	1000000.0
RS	14	0.237894	0.211246	1000000.0	1000000.0	1000000.0
RS	15	0.268596	0.211246	1000000.0	1000000.0	1000000.0
RS	16	0.302088	0.332168	1000000.0	1000000.0	1000000.0
RS	17	0.338622	0.332168	1000000.0	1000000.0	1000000.0
RS	18	0.378477	0.673614	1000000.0	1000000.0	1000000.0
RS	19	0.421952	0.673614	1000000.0	1000000.0	1000000.0
RS	20	0.469378	1.346707	1000000.0	1000000.0	1000000.0
RS	21	0.521113	1.346707	1000000.0	1000000.0	1000000.0
RS	22	0.577549	2.185303	1000000.0	1000000.0	1000000.0
RS	23	0.639113	2.185303	1000000.0	1000000.0	1000000.0
RS	24	0.706271	2.798709	1000000.0	1000000.0	1000000.0
RS	25	0.779531	2.798709	1000000.0	1000000.0	1000000.0
RS	26	0.859447	3.007130	1000000.0	1000000.0	1000000.0
RS	27	0.946625	3.007130	1000000.0	1000000.0	1000000.0
RS	28	1.041724	2.987718	1000000.0	1000000.0	1000000.0
RS	29	1.145464	2.987718	1000000.0	1000000.0	1000000.0
RS	30	1.258630	2.918691	1000000.0	1000000.0	1000000.0
RS	31	1.382079	2.918691	1000000.0	1000000.0	1000000.0
RS	32	1.516744	2.868441	1000000.0	1000000.0	1000000.0
RS	33	1.663646	2.868441	1000000.0	1000000.0	1000000.0
RS	34	1.823895	2.853955	1000000.0	1000000.0	1000000.0
RS	35	1.998706	2.853955	1000000.0	1000000.0	1000000.0
RS	36	2.189399	2.867824	1000000.0	1000000.0	1000000.0
RS	37	2.397420	2.867824	1000000.0	1000000.0	1000000.0
RS	38	2.624342	2.897468	1000000.0	1000000.0	1000000.0
RS	39	2.871883	2.897468	1000000.0	1000000.0	1000000.0
RS	40	3.141916	2.927706	1000000.0	1000000.0	1000000.0
RS	41	3.436485	2.927706	1000000.0	1000000.0	1000000.0
RS	42	3.757819	2.943746	1000000.0	1000000.0	1000000.0
RS	43	4.108350	2.943746	1000000.0	1000000.0	1000000.0
RS	44	4.490732	2.928680	1000000.0	1000000.0	1000000.0
RS	45	4.907857	2.928680	1000000.0	1000000.0	1000000.0
RS	46	5.362884	2.878948	1000000.0	1000000.0	1000000.0
RS	47	5.859256	2.878948	1000000.0	1000000.0	1000000.0
RS	48	6.400729	2.811497	1000000.0	1000000.0	1000000.0
RS	49	6.991402	2.811497	1000000.0	1000000.0	1000000.0
RS	50	7.635745	2.782354	1000000.0	1000000.0	1000000.0
RS	51	8.338635	2.782354	1000000.0	1000000.0	1000000.0
RS	52	9.105391	2.900703	1000000.0	1000000.0	1000000.0
RS	53	9.941817	2.900703	1000000.0	1000000.0	1000000.0
RS	54	10.854242	3.533144	1000000.0	1000000.0	1000000.0
RS	55	11.849573	3.533144	1000000.0	1000000.0	1000000.0
RS	56	12.935341	3.533144	1000000.0	1000000.0	1000000.0
RS	57	14.119766	3.533144	1000000.0	1000000.0	1000000.0
RS	58	15.411811	5.057309	1000000.0	1000000.0	1000000.0
RS	59	16.821254	5.057309	1000000.0	1000000.0	1000000.0
RS	60	18.358763	5.057309	1000000.0	1000000.0	1000000.0
RS	61	20.035973	5.057309	1000000.0	1000000.0	1000000.0
RS	62	21.865580	5.057309	1000000.0	1000000.0	1000000.0
RS	63	23.861429	5.057309	1000000.0	1000000.0	1000000.0
PA	1*4+25*2+1*4+1*6 0.000233095 0.005357000 666.666666666 7.317862737 6.200413221 1.623830932 0.491862978 0.256250316 0.195509431 0.211245555 0.332167507 0.673614248 1.346706951 2.185303029 2.798708738 3.007130094 2.987718440 2.918690592 2.868441475 2.853954513 2.867824237 2.897468442 2.927706225 2.943746141 2.928680183 2.878948450 2.811497420 2.782353927 2.900703230 3.533144256 5.057308889
//
----------------------------------------
	-> Starting Optimization ndim:28
MM	optimization: (wall(min),cpu(min)):(0.666667,0.659500) maxqval:-2712427.615099
	-> [RUNOPTIM3 TIME]:runoptim3 cpu-time used =  39.57 sec 
	-> [RUNOPTIM3 Time]:runoptim3 walltime used =  40.00 sec 
	-> [fpsmc.cpp:main_analysis_make_hmm:311] nthreads:16 tk_l:64 theta:0.000233 rho:0.005357
	[total llh]  fwllh:-4238745659.973125
	[total llh]  bwllh:-4238745659.973135
	[total qval] qval:-2711997.802034
IT	3065
RD	13
LK	-4238745659.973125
QD	-2712439.930271 -> -2712427.615099
RI	?
TR	0.000233	0.005357
MT	23.861429
MM	buildhmm(wall(min),cpu(min)):(10.966667,168.869840) tk_l:64
RS	0	0.000000	7.311646	1000000.0	1000000.0	1000000.0
RS	1	0.009086	7.311646	1000000.0	1000000.0	1000000.0
RS	2	0.018998	7.311646	1000000.0	1000000.0	1000000.0
RS	3	0.029811	7.311646	1000000.0	1000000.0	1000000.0
RS	4	0.041606	6.208273	1000000.0	1000000.0	1000000.0
RS	5	0.054472	6.208273	1000000.0	1000000.0	1000000.0
RS	6	0.068508	1.703201	1000000.0	1000000.0	1000000.0
RS	7	0.083819	1.703201	1000000.0	1000000.0	1000000.0
RS	8	0.100521	0.505719	1000000.0	1000000.0	1000000.0
RS	9	0.118741	0.505719	1000000.0	1000000.0	1000000.0
RS	10	0.138616	0.259192	1000000.0	1000000.0	1000000.0
RS	11	0.160298	0.259192	1000000.0	1000000.0	1000000.0
RS	12	0.183949	0.194202	1000000.0	1000000.0	1000000.0
RS	13	0.209749	0.194202	1000000.0	1000000.0	1000000.0
RS	14	0.237894	0.207265	1000000.0	1000000.0	1000000.0
RS	15	0.268596	0.207265	1000000.0	1000000.0	1000000.0
RS	16	0.302088	0.327929	1000000.0	1000000.0	1000000.0
RS	17	0.338622	0.327929	1000000.0	1000000.0	1000000.0
RS	18	0.378477	0.680031	1000000.0	1000000.0	1000000.0
RS	19	0.421952	0.680031	1000000.0	1000000.0	1000000.0
RS	20	0.469378	1.385365	1000000.0	1000000.0	1000000.0
RS	21	0.521113	1.385365	1000000.0	1000000.0	1000000.0
RS	22	0.577549	2.253345	1000000.0	1000000.0	1000000.0
RS	23	0.639113	2.253345	1000000.0	1000000.0	1000000.0
RS	24	0.706271	2.869416	1000000.0	1000000.0	1000000.0
RS	25	0.779531	2.869416	1000000.0	1000000.0	1000000.0
RS	26	0.859447	3.042255	1000000.0	1000000.0	1000000.0
RS	27	0.946625	3.042255	1000000.0	1000000.0	1000000.0
RS	28	1.041724	2.990775	1000000.0	1000000.0	1000000.0
RS	29	1.145464	2.990775	1000000.0	1000000.0	1000000.0
RS	30	1.258630	2.904875	1000000.0	1000000.0	1000000.0
RS	31	1.382079	2.904875	1000000.0	1000000.0	1000000.0
RS	32	1.516744	2.846142	1000000.0	1000000.0	1000000.0
RS	33	1.663646	2.846142	1000000.0	1000000.0	1000000.0
RS	34	1.823895	2.831770	1000000.0	1000000.0	1000000.0
RS	35	1.998706	2.831770	1000000.0	1000000.0	1000000.0
RS	36	2.189399	2.851298	1000000.0	1000000.0	1000000.0
RS	37	2.397420	2.851298	1000000.0	1000000.0	1000000.0
RS	38	2.624342	2.887672	1000000.0	1000000.0	1000000.0
RS	39	2.871883	2.887672	1000000.0	1000000.0	1000000.0
RS	40	3.141916	2.924885	1000000.0	1000000.0	1000000.0
RS	41	3.436485	2.924885	1000000.0	1000000.0	1000000.0
RS	42	3.757819	2.948082	1000000.0	1000000.0	1000000.0
RS	43	4.108350	2.948082	1000000.0	1000000.0	1000000.0
RS	44	4.490732	2.938329	1000000.0	1000000.0	1000000.0
RS	45	4.907857	2.938329	1000000.0	1000000.0	1000000.0
RS	46	5.362884	2.889676	1000000.0	1000000.0	1000000.0
RS	47	5.859256	2.889676	1000000.0	1000000.0	1000000.0
RS	48	6.400729	2.819842	1000000.0	1000000.0	1000000.0
RS	49	6.991402	2.819842	1000000.0	1000000.0	1000000.0
RS	50	7.635745	2.787089	1000000.0	1000000.0	1000000.0
RS	51	8.338635	2.787089	1000000.0	1000000.0	1000000.0
RS	52	9.105391	2.902149	1000000.0	1000000.0	1000000.0
RS	53	9.941817	2.902149	1000000.0	1000000.0	1000000.0
RS	54	10.854242	3.547326	1000000.0	1000000.0	1000000.0
RS	55	11.849573	3.547326	1000000.0	1000000.0	1000000.0
RS	56	12.935341	3.547326	1000000.0	1000000.0	1000000.0
RS	57	14.119766	3.547326	1000000.0	1000000.0	1000000.0
RS	58	15.411811	5.160517	1000000.0	1000000.0	1000000.0
RS	59	16.821254	5.160517	1000000.0	1000000.0	1000000.0
RS	60	18.358763	5.160517	1000000.0	1000000.0	1000000.0
RS	61	20.035973	5.160517	1000000.0	1000000.0	1000000.0
RS	62	21.865580	5.160517	1000000.0	1000000.0	1000000.0
RS	63	23.861429	5.160517	1000000.0	1000000.0	1000000.0
PA	1*4+25*2+1*4+1*6 0.000233095 0.005357000 666.666666666 7.311645523 6.208273349 1.703201278 0.505718759 0.259192151 0.194201556 0.207265187 0.327929009 0.680031240 1.385365100 2.253344612 2.869415996 3.042255150 2.990774947 2.904875492 2.846141866 2.831769769 2.851298358 2.887671738 2.924884577 2.948081730 2.938329087 2.889675617 2.819842210 2.787088839 2.902148707 3.547325960 5.160517209
//
----------------------------------------
	-> Starting Optimization ndim:28
MM	optimization: (wall(min),cpu(min)):(0.750000,0.751167) maxqval:-2711987.734611
	-> [RUNOPTIM3 TIME]:runoptim3 cpu-time used =  45.07 sec 
	-> [RUNOPTIM3 Time]:runoptim3 walltime used =  45.00 sec 
	-> [fpsmc.cpp:main_analysis_make_hmm:311] nthreads:16 tk_l:64 theta:0.000233 rho:0.005357
	[total llh]  fwllh:-4238745640.698064
	[total llh]  bwllh:-4238745640.698060
	[total qval] qval:-2711517.212258
IT	3644
RD	14
LK	-4238745640.698064
QD	-2711997.802034 -> -2711987.734611
RI	?
TR	0.000233	0.005357
MT	23.861429
MM	buildhmm(wall(min),cpu(min)):(10.583333,163.566829) tk_l:64
RS	0	0.000000	7.302203	1000000.0	1000000.0	1000000.0
RS	1	0.009086	7.302203	1000000.0	1000000.0	1000000.0
RS	2	0.018998	7.302203	1000000.0	1000000.0	1000000.0
RS	3	0.029811	7.302203	1000000.0	1000000.0	1000000.0
RS	4	0.041606	6.217472	1000000.0	1000000.0	1000000.0
RS	5	0.054472	6.217472	1000000.0	1000000.0	1000000.0
RS	6	0.068508	1.780628	1000000.0	1000000.0	1000000.0
RS	7	0.083819	1.780628	1000000.0	1000000.0	1000000.0
RS	8	0.100521	0.518386	1000000.0	1000000.0	1000000.0
RS	9	0.118741	0.518386	1000000.0	1000000.0	1000000.0
RS	10	0.138616	0.262053	1000000.0	1000000.0	1000000.0
RS	11	0.160298	0.262053	1000000.0	1000000.0	1000000.0
RS	12	0.183949	0.193166	1000000.0	1000000.0	1000000.0
RS	13	0.209749	0.193166	1000000.0	1000000.0	1000000.0
RS	14	0.237894	0.203675	1000000.0	1000000.0	1000000.0
RS	15	0.268596	0.203675	1000000.0	1000000.0	1000000.0
RS	16	0.302088	0.324055	1000000.0	1000000.0	1000000.0
RS	17	0.338622	0.324055	1000000.0	1000000.0	1000000.0
RS	18	0.378477	0.686193	1000000.0	1000000.0	1000000.0
RS	19	0.421952	0.686193	1000000.0	1000000.0	1000000.0
RS	20	0.469378	1.423048	1000000.0	1000000.0	1000000.0
RS	21	0.521113	1.423048	1000000.0	1000000.0	1000000.0
RS	22	0.577549	2.320482	1000000.0	1000000.0	1000000.0
RS	23	0.639113	2.320482	1000000.0	1000000.0	1000000.0
RS	24	0.706271	2.935055	1000000.0	1000000.0	1000000.0
RS	25	0.779531	2.935055	1000000.0	1000000.0	1000000.0
RS	26	0.859447	3.072557	1000000.0	1000000.0	1000000.0
RS	27	0.946625	3.072557	1000000.0	1000000.0	1000000.0
RS	28	1.041724	2.991495	1000000.0	1000000.0	1000000.0
RS	29	1.145464	2.991495	1000000.0	1000000.0	1000000.0
RS	30	1.258630	2.889434	1000000.0	1000000.0	1000000.0
RS	31	1.382079	2.889434	1000000.0	1000000.0	1000000.0
RS	32	1.516744	2.826186	1000000.0	1000000.0	1000000.0
RS	33	1.663646	2.826186	1000000.0	1000000.0	1000000.0
RS	34	1.823895	2.813418	1000000.0	1000000.0	1000000.0
RS	35	1.998706	2.813418	1000000.0	1000000.0	1000000.0
RS	36	2.189399	2.836673	1000000.0	1000000.0	1000000.0
RS	37	2.397420	2.836673	1000000.0	1000000.0	1000000.0
RS	38	2.624342	2.879010	1000000.0	1000000.0	1000000.0
RS	39	2.871883	2.879010	1000000.0	1000000.0	1000000.0
RS	40	3.141916	2.923219	1000000.0	1000000.0	1000000.0
RS	41	3.436485	2.923219	1000000.0	1000000.0	1000000.0
RS	42	3.757819	2.952593	1000000.0	1000000.0	1000000.0
RS	43	4.108350	2.952593	1000000.0	1000000.0	1000000.0
RS	44	4.490732	2.946854	1000000.0	1000000.0	1000000.0
RS	45	4.907857	2.946854	1000000.0	1000000.0	1000000.0
RS	46	5.362884	2.899340	1000000.0	1000000.0	1000000.0
RS	47	5.859256	2.899340	1000000.0	1000000.0	1000000.0
RS	48	6.400729	2.826889	1000000.0	1000000.0	1000000.0
RS	49	6.991402	2.826889	1000000.0	1000000.0	1000000.0
RS	50	7.635745	2.788910	1000000.0	1000000.0	1000000.0
RS	51	8.338635	2.788910	1000000.0	1000000.0	1000000.0
RS	52	9.105391	2.900239	1000000.0	1000000.0	1000000.0
RS	53	9.941817	2.900239	1000000.0	1000000.0	1000000.0
RS	54	10.854242	3.556181	1000000.0	1000000.0	1000000.0
RS	55	11.849573	3.556181	1000000.0	1000000.0	1000000.0
RS	56	12.935341	3.556181	1000000.0	1000000.0	1000000.0
RS	57	14.119766	3.556181	1000000.0	1000000.0	1000000.0
RS	58	15.411811	5.255838	1000000.0	1000000.0	1000000.0
RS	59	16.821254	5.255838	1000000.0	1000000.0	1000000.0
RS	60	18.358763	5.255838	1000000.0	1000000.0	1000000.0
RS	61	20.035973	5.255838	1000000.0	1000000.0	1000000.0
RS	62	21.865580	5.255838	1000000.0	1000000.0	1000000.0
RS	63	23.861429	5.255838	1000000.0	1000000.0	1000000.0
PA	1*4+25*2+1*4+1*6 0.000233095 0.005357000 666.666666666 7.302202594 6.217472154 1.780627761 0.518386034 0.262053386 0.193166222 0.203674668 0.324055464 0.686193078 1.423047588 2.320482251 2.935054684 3.072557029 2.991494881 2.889433522 2.826185544 2.813417938 2.836673332 2.879009651 2.923219216 2.952592540 2.946854343 2.899340113 2.826888729 2.788909841 2.900239038 3.556181233 5.255837598
//
----------------------------------------
	-> Starting Optimization ndim:28
MM	optimization: (wall(min),cpu(min)):(0.766667,0.762333) maxqval:-2711508.848750
	-> [RUNOPTIM3 TIME]:runoptim3 cpu-time used =  45.74 sec 
	-> [RUNOPTIM3 Time]:runoptim3 walltime used =  46.00 sec 
	-> [fpsmc.cpp:main_analysis_make_hmm:311] nthreads:16 tk_l:64 theta:0.000233 rho:0.005357
	[total llh]  fwllh:-4238745624.663951
	[total llh]  bwllh:-4238745624.663953
	[total qval] qval:-2711001.039854
IT	3761
RD	15
LK	-4238745624.663951
QD	-2711517.212258 -> -2711508.848750
RI	?
TR	0.000233	0.005357
MT	23.861429
MM	buildhmm(wall(min),cpu(min)):(10.916667,167.774007) tk_l:64
RS	0	0.000000	7.293436	1000000.0	1000000.0	1000000.0
RS	1	0.009086	7.293436	1000000.0	1000000.0	1000000.0
RS	2	0.018998	7.293436	1000000.0	1000000.0	1000000.0
RS	3	0.029811	7.293436	1000000.0	1000000.0	1000000.0
RS	4	0.041606	6.223986	1000000.0	1000000.0	1000000.0
RS	5	0.054472	6.223986	1000000.0	1000000.0	1000000.0
RS	6	0.068508	1.842001	1000000.0	1000000.0	1000000.0
RS	7	0.083819	1.842001	1000000.0	1000000.0	1000000.0
RS	8	0.100521	0.529963	1000000.0	1000000.0	1000000.0
RS	9	0.118741	0.529963	1000000.0	1000000.0	1000000.0
RS	10	0.138616	0.264835	1000000.0	1000000.0	1000000.0
RS	11	0.160298	0.264835	1000000.0	1000000.0	1000000.0
RS	12	0.183949	0.192405	1000000.0	1000000.0	1000000.0
RS	13	0.209749	0.192405	1000000.0	1000000.0	1000000.0
RS	14	0.237894	0.200448	1000000.0	1000000.0	1000000.0
RS	15	0.268596	0.200448	1000000.0	1000000.0	1000000.0
RS	16	0.302088	0.320582	1000000.0	1000000.0	1000000.0
RS	17	0.338622	0.320582	1000000.0	1000000.0	1000000.0
RS	18	0.378477	0.692721	1000000.0	1000000.0	1000000.0
RS	19	0.421952	0.692721	1000000.0	1000000.0	1000000.0
RS	20	0.469378	1.460879	1000000.0	1000000.0	1000000.0
RS	21	0.521113	1.460879	1000000.0	1000000.0	1000000.0
RS	22	0.577549	2.383595	1000000.0	1000000.0	1000000.0
RS	23	0.639113	2.383595	1000000.0	1000000.0	1000000.0
RS	24	0.706271	2.997288	1000000.0	1000000.0	1000000.0
RS	25	0.779531	2.997288	1000000.0	1000000.0	1000000.0
RS	26	0.859447	3.099029	1000000.0	1000000.0	1000000.0
RS	27	0.946625	3.099029	1000000.0	1000000.0	1000000.0
RS	28	1.041724	2.991254	1000000.0	1000000.0	1000000.0
RS	29	1.145464	2.991254	1000000.0	1000000.0	1000000.0
RS	30	1.258630	2.876140	1000000.0	1000000.0	1000000.0
RS	31	1.382079	2.876140	1000000.0	1000000.0	1000000.0
RS	32	1.516744	2.808280	1000000.0	1000000.0	1000000.0
RS	33	1.663646	2.808280	1000000.0	1000000.0	1000000.0
RS	34	1.823895	2.797445	1000000.0	1000000.0	1000000.0
RS	35	1.998706	2.797445	1000000.0	1000000.0	1000000.0
RS	36	2.189399	2.824734	1000000.0	1000000.0	1000000.0
RS	37	2.397420	2.824734	1000000.0	1000000.0	1000000.0
RS	38	2.624342	2.872177	1000000.0	1000000.0	1000000.0
RS	39	2.871883	2.872177	1000000.0	1000000.0	1000000.0
RS	40	3.141916	2.922403	1000000.0	1000000.0	1000000.0
RS	41	3.436485	2.922403	1000000.0	1000000.0	1000000.0
RS	42	3.757819	2.957416	1000000.0	1000000.0	1000000.0
RS	43	4.108350	2.957416	1000000.0	1000000.0	1000000.0
RS	44	4.490732	2.954904	1000000.0	1000000.0	1000000.0
RS	45	4.907857	2.954904	1000000.0	1000000.0	1000000.0
RS	46	5.362884	2.907226	1000000.0	1000000.0	1000000.0
RS	47	5.859256	2.907226	1000000.0	1000000.0	1000000.0
RS	48	6.400729	2.831744	1000000.0	1000000.0	1000000.0
RS	49	6.991402	2.831744	1000000.0	1000000.0	1000000.0
RS	50	7.635745	2.789042	1000000.0	1000000.0	1000000.0
RS	51	8.338635	2.789042	1000000.0	1000000.0	1000000.0
RS	52	9.105391	2.895867	1000000.0	1000000.0	1000000.0
RS	53	9.941817	2.895867	1000000.0	1000000.0	1000000.0
RS	54	10.854242	3.560901	1000000.0	1000000.0	1000000.0
RS	55	11.849573	3.560901	1000000.0	1000000.0	1000000.0
RS	56	12.935341	3.560901	1000000.0	1000000.0	1000000.0
RS	57	14.119766	3.560901	1000000.0	1000000.0	1000000.0
RS	58	15.411811	5.346438	1000000.0	1000000.0	1000000.0
RS	59	16.821254	5.346438	1000000.0	1000000.0	1000000.0
RS	60	18.358763	5.346438	1000000.0	1000000.0	1000000.0
RS	61	20.035973	5.346438	1000000.0	1000000.0	1000000.0
RS	62	21.865580	5.346438	1000000.0	1000000.0	1000000.0
RS	63	23.861429	5.346438	1000000.0	1000000.0	1000000.0
PA	1*4+25*2+1*4+1*6 0.000233095 0.005357000 666.666666666 7.293435529 6.223985607 1.842000991 0.529962720 0.264835425 0.192404722 0.200448482 0.320582015 0.692720738 1.460879424 2.383594948 2.997287875 3.099028687 2.991253918 2.876139724 2.808280117 2.797444580 2.824734123 2.872177071 2.922402851 2.957415698 2.954904459 2.907226339 2.831744239 2.789041578 2.895867469 3.560900710 5.346437629
//
----------------------------------------
	-> Starting Optimization ndim:28
MM	optimization: (wall(min),cpu(min)):(0.716667,0.705667) maxqval:-2710993.943999
	-> [RUNOPTIM3 TIME]:runoptim3 cpu-time used =  42.34 sec 
	-> [RUNOPTIM3 Time]:runoptim3 walltime used =  43.00 sec 
	-> [fpsmc.cpp:main_analysis_make_hmm:311] nthreads:16 tk_l:64 theta:0.000233 rho:0.005357
	[total llh]  fwllh:-4238745610.927252
	[total llh]  bwllh:-4238745610.927237
	[total qval] qval:-2710477.774758
IT	3354
RD	16
LK	-4238745610.927252
QD	-2711001.039854 -> -2710993.943999
RI	?
TR	0.000233	0.005357
MT	23.861429
MM	buildhmm(wall(min),cpu(min)):(10.766667,165.995003) tk_l:64
RS	0	0.000000	7.282595	1000000.0	1000000.0	1000000.0
RS	1	0.009086	7.282595	1000000.0	1000000.0	1000000.0
RS	2	0.018998	7.282595	1000000.0	1000000.0	1000000.0
RS	3	0.029811	7.282595	1000000.0	1000000.0	1000000.0
RS	4	0.041606	6.230178	1000000.0	1000000.0	1000000.0
RS	5	0.054472	6.230178	1000000.0	1000000.0	1000000.0
RS	6	0.068508	1.897794	1000000.0	1000000.0	1000000.0
RS	7	0.083819	1.897794	1000000.0	1000000.0	1000000.0
RS	8	0.100521	0.540399	1000000.0	1000000.0	1000000.0
RS	9	0.118741	0.540399	1000000.0	1000000.0	1000000.0
RS	10	0.138616	0.267541	1000000.0	1000000.0	1000000.0
RS	11	0.160298	0.267541	1000000.0	1000000.0	1000000.0
RS	12	0.183949	0.191810	1000000.0	1000000.0	1000000.0
RS	13	0.209749	0.191810	1000000.0	1000000.0	1000000.0
RS	14	0.237894	0.197507	1000000.0	1000000.0	1000000.0
RS	15	0.268596	0.197507	1000000.0	1000000.0	1000000.0
RS	16	0.302088	0.317413	1000000.0	1000000.0	1000000.0
RS	17	0.338622	0.317413	1000000.0	1000000.0	1000000.0
RS	18	0.378477	0.699304	1000000.0	1000000.0	1000000.0
RS	19	0.421952	0.699304	1000000.0	1000000.0	1000000.0
RS	20	0.469378	1.497896	1000000.0	1000000.0	1000000.0
RS	21	0.521113	1.497896	1000000.0	1000000.0	1000000.0
RS	22	0.577549	2.444722	1000000.0	1000000.0	1000000.0
RS	23	0.639113	2.444722	1000000.0	1000000.0	1000000.0
RS	24	0.706271	3.056154	1000000.0	1000000.0	1000000.0
RS	25	0.779531	3.056154	1000000.0	1000000.0	1000000.0
RS	26	0.859447	3.121774	1000000.0	1000000.0	1000000.0
RS	27	0.946625	3.121774	1000000.0	1000000.0	1000000.0
RS	28	1.041724	2.989437	1000000.0	1000000.0	1000000.0
RS	29	1.145464	2.989437	1000000.0	1000000.0	1000000.0
RS	30	1.258630	2.862310	1000000.0	1000000.0	1000000.0
RS	31	1.382079	2.862310	1000000.0	1000000.0	1000000.0
RS	32	1.516744	2.791901	1000000.0	1000000.0	1000000.0
RS	33	1.663646	2.791901	1000000.0	1000000.0	1000000.0
RS	34	1.823895	2.783932	1000000.0	1000000.0	1000000.0
RS	35	1.998706	2.783932	1000000.0	1000000.0	1000000.0
RS	36	2.189399	2.814861	1000000.0	1000000.0	1000000.0
RS	37	2.397420	2.814861	1000000.0	1000000.0	1000000.0
RS	38	2.624342	2.866761	1000000.0	1000000.0	1000000.0
RS	39	2.871883	2.866761	1000000.0	1000000.0	1000000.0
RS	40	3.141916	2.922220	1000000.0	1000000.0	1000000.0
RS	41	3.436485	2.922220	1000000.0	1000000.0	1000000.0
RS	42	3.757819	2.962175	1000000.0	1000000.0	1000000.0
RS	43	4.108350	2.962175	1000000.0	1000000.0	1000000.0
RS	44	4.490732	2.962594	1000000.0	1000000.0	1000000.0
RS	45	4.907857	2.962594	1000000.0	1000000.0	1000000.0
RS	46	5.362884	2.914730	1000000.0	1000000.0	1000000.0
RS	47	5.859256	2.914730	1000000.0	1000000.0	1000000.0
RS	48	6.400729	2.835811	1000000.0	1000000.0	1000000.0
RS	49	6.991402	2.835811	1000000.0	1000000.0	1000000.0
RS	50	7.635745	2.787638	1000000.0	1000000.0	1000000.0
RS	51	8.338635	2.787638	1000000.0	1000000.0	1000000.0
RS	52	9.105391	2.889785	1000000.0	1000000.0	1000000.0
RS	53	9.941817	2.889785	1000000.0	1000000.0	1000000.0
RS	54	10.854242	3.562597	1000000.0	1000000.0	1000000.0
RS	55	11.849573	3.562597	1000000.0	1000000.0	1000000.0
RS	56	12.935341	3.562597	1000000.0	1000000.0	1000000.0
RS	57	14.119766	3.562597	1000000.0	1000000.0	1000000.0
RS	58	15.411811	5.433607	1000000.0	1000000.0	1000000.0
RS	59	16.821254	5.433607	1000000.0	1000000.0	1000000.0
RS	60	18.358763	5.433607	1000000.0	1000000.0	1000000.0
RS	61	20.035973	5.433607	1000000.0	1000000.0	1000000.0
RS	62	21.865580	5.433607	1000000.0	1000000.0	1000000.0
RS	63	23.861429	5.433607	1000000.0	1000000.0	1000000.0
PA	1*4+25*2+1*4+1*6 0.000233095 0.005357000 666.666666666 7.282595236 6.230177870 1.897794310 0.540399075 0.267540517 0.191809908 0.197507354 0.317412814 0.699303691 1.497896252 2.444722476 3.056154338 3.121773804 2.989436708 2.862309661 2.791900510 2.783932333 2.814860738 2.866760738 2.922220292 2.962175433 2.962593684 2.914729845 2.835810714 2.787638274 2.889784811 3.562597068 5.433607401
//
----------------------------------------
	-> Starting Optimization ndim:28
MM	optimization: (wall(min),cpu(min)):(0.766667,0.761500) maxqval:-2710471.672329
	-> [RUNOPTIM3 TIME]:runoptim3 cpu-time used =  45.69 sec 
	-> [RUNOPTIM3 Time]:runoptim3 walltime used =  46.00 sec 
	-> [fpsmc.cpp:main_analysis_make_hmm:311] nthreads:16 tk_l:64 theta:0.000233 rho:0.005357
	[total llh]  fwllh:-4238745599.035797
	[total llh]  bwllh:-4238745599.035802
	[total qval] qval:-2709947.362504
IT	3818
RD	17
LK	-4238745599.035797
QD	-2710477.774758 -> -2710471.672329
RI	?
TR	0.000233	0.005357
MT	23.861429
MM	buildhmm(wall(min),cpu(min)):(10.616667,163.847998) tk_l:64
RS	0	0.000000	7.272531	1000000.0	1000000.0	1000000.0
RS	1	0.009086	7.272531	1000000.0	1000000.0	1000000.0
RS	2	0.018998	7.272531	1000000.0	1000000.0	1000000.0
RS	3	0.029811	7.272531	1000000.0	1000000.0	1000000.0
RS	4	0.041606	6.234524	1000000.0	1000000.0	1000000.0
RS	5	0.054472	6.234524	1000000.0	1000000.0	1000000.0
RS	6	0.068508	1.939830	1000000.0	1000000.0	1000000.0
RS	7	0.083819	1.939830	1000000.0	1000000.0	1000000.0
RS	8	0.100521	0.549517	1000000.0	1000000.0	1000000.0
RS	9	0.118741	0.549517	1000000.0	1000000.0	1000000.0
RS	10	0.138616	0.270180	1000000.0	1000000.0	1000000.0
RS	11	0.160298	0.270180	1000000.0	1000000.0	1000000.0
RS	12	0.183949	0.191338	1000000.0	1000000.0	1000000.0
RS	13	0.209749	0.191338	1000000.0	1000000.0	1000000.0
RS	14	0.237894	0.194830	1000000.0	1000000.0	1000000.0
RS	15	0.268596	0.194830	1000000.0	1000000.0	1000000.0
RS	16	0.302088	0.314530	1000000.0	1000000.0	1000000.0
RS	17	0.338622	0.314530	1000000.0	1000000.0	1000000.0
RS	18	0.378477	0.705998	1000000.0	1000000.0	1000000.0
RS	19	0.421952	0.705998	1000000.0	1000000.0	1000000.0
RS	20	0.469378	1.534747	1000000.0	1000000.0	1000000.0
RS	21	0.521113	1.534747	1000000.0	1000000.0	1000000.0
RS	22	0.577549	2.505757	1000000.0	1000000.0	1000000.0
RS	23	0.639113	2.505757	1000000.0	1000000.0	1000000.0
RS	24	0.706271	3.110931	1000000.0	1000000.0	1000000.0
RS	25	0.779531	3.110931	1000000.0	1000000.0	1000000.0
RS	26	0.859447	3.141311	1000000.0	1000000.0	1000000.0
RS	27	0.946625	3.141311	1000000.0	1000000.0	1000000.0
RS	28	1.041724	2.986137	1000000.0	1000000.0	1000000.0
RS	29	1.145464	2.986137	1000000.0	1000000.0	1000000.0
RS	30	1.258630	2.848989	1000000.0	1000000.0	1000000.0
RS	31	1.382079	2.848989	1000000.0	1000000.0	1000000.0
RS	32	1.516744	2.777095	1000000.0	1000000.0	1000000.0
RS	33	1.663646	2.777095	1000000.0	1000000.0	1000000.0
RS	34	1.823895	2.772271	1000000.0	1000000.0	1000000.0
RS	35	1.998706	2.772271	1000000.0	1000000.0	1000000.0
RS	36	2.189399	2.806760	1000000.0	1000000.0	1000000.0
RS	37	2.397420	2.806760	1000000.0	1000000.0	1000000.0
RS	38	2.624342	2.862518	1000000.0	1000000.0	1000000.0
RS	39	2.871883	2.862518	1000000.0	1000000.0	1000000.0
RS	40	3.141916	2.922452	1000000.0	1000000.0	1000000.0
RS	41	3.436485	2.922452	1000000.0	1000000.0	1000000.0
RS	42	3.757819	2.966823	1000000.0	1000000.0	1000000.0
RS	43	4.108350	2.966823	1000000.0	1000000.0	1000000.0
RS	44	4.490732	2.969854	1000000.0	1000000.0	1000000.0
RS	45	4.907857	2.969854	1000000.0	1000000.0	1000000.0
RS	46	5.362884	2.921367	1000000.0	1000000.0	1000000.0
RS	47	5.859256	2.921367	1000000.0	1000000.0	1000000.0
RS	48	6.400729	2.838847	1000000.0	1000000.0	1000000.0
RS	49	6.991402	2.838847	1000000.0	1000000.0	1000000.0
RS	50	7.635745	2.785306	1000000.0	1000000.0	1000000.0
RS	51	8.338635	2.785306	1000000.0	1000000.0	1000000.0
RS	52	9.105391	2.882769	1000000.0	1000000.0	1000000.0
RS	53	9.941817	2.882769	1000000.0	1000000.0	1000000.0
RS	54	10.854242	3.562085	1000000.0	1000000.0	1000000.0
RS	55	11.849573	3.562085	1000000.0	1000000.0	1000000.0
RS	56	12.935341	3.562085	1000000.0	1000000.0	1000000.0
RS	57	14.119766	3.562085	1000000.0	1000000.0	1000000.0
RS	58	15.411811	5.518126	1000000.0	1000000.0	1000000.0
RS	59	16.821254	5.518126	1000000.0	1000000.0	1000000.0
RS	60	18.358763	5.518126	1000000.0	1000000.0	1000000.0
RS	61	20.035973	5.518126	1000000.0	1000000.0	1000000.0
RS	62	21.865580	5.518126	1000000.0	1000000.0	1000000.0
RS	63	23.861429	5.518126	1000000.0	1000000.0	1000000.0
PA	1*4+25*2+1*4+1*6 0.000233095 0.005357000 666.666666666 7.272531373 6.234523598 1.939830267 0.549517326 0.270179774 0.191338175 0.194830173 0.314530417 0.705997623 1.534746691 2.505756637 3.110931073 3.141311365 2.986136650 2.848989355 2.777095176 2.772271119 2.806760247 2.862518344 2.922451959 2.966823007 2.969854141 2.921366664 2.838846904 2.785305896 2.882769462 3.562084940 5.518126469
//
----------------------------------------
	-> Starting Optimization ndim:28
MM	optimization: (wall(min),cpu(min)):(0.583333,0.572333) maxqval:-2709942.062373
	-> [RUNOPTIM3 TIME]:runoptim3 cpu-time used =  34.34 sec 
	-> [RUNOPTIM3 Time]:runoptim3 walltime used =  35.00 sec 
	-> [fpsmc.cpp:main_analysis_make_hmm:311] nthreads:16 tk_l:64 theta:0.000233 rho:0.005357
	[total llh]  fwllh:-4238745588.816040
	[total llh]  bwllh:-4238745588.816034
	[total qval] qval:-2709440.822868
IT	2772
RD	18
LK	-4238745588.816040
QD	-2709947.362504 -> -2709942.062373
RI	?
TR	0.000233	0.005357
MT	23.861429
MM	buildhmm(wall(min),cpu(min)):(11.550000,165.032178) tk_l:64
RS	0	0.000000	7.267836	1000000.0	1000000.0	1000000.0
RS	1	0.009086	7.267836	1000000.0	1000000.0	1000000.0
RS	2	0.018998	7.267836	1000000.0	1000000.0	1000000.0
RS	3	0.029811	7.267836	1000000.0	1000000.0	1000000.0
RS	4	0.041606	6.236055	1000000.0	1000000.0	1000000.0
RS	5	0.054472	6.236055	1000000.0	1000000.0	1000000.0
RS	6	0.068508	1.959665	1000000.0	1000000.0	1000000.0
RS	7	0.083819	1.959665	1000000.0	1000000.0	1000000.0
RS	8	0.100521	0.557201	1000000.0	1000000.0	1000000.0
RS	9	0.118741	0.557201	1000000.0	1000000.0	1000000.0
RS	10	0.138616	0.272755	1000000.0	1000000.0	1000000.0
RS	11	0.160298	0.272755	1000000.0	1000000.0	1000000.0
RS	12	0.183949	0.191027	1000000.0	1000000.0	1000000.0
RS	13	0.209749	0.191027	1000000.0	1000000.0	1000000.0
RS	14	0.237894	0.192369	1000000.0	1000000.0	1000000.0
RS	15	0.268596	0.192369	1000000.0	1000000.0	1000000.0
RS	16	0.302088	0.311787	1000000.0	1000000.0	1000000.0
RS	17	0.338622	0.311787	1000000.0	1000000.0	1000000.0
RS	18	0.378477	0.712247	1000000.0	1000000.0	1000000.0
RS	19	0.421952	0.712247	1000000.0	1000000.0	1000000.0
RS	20	0.469378	1.569814	1000000.0	1000000.0	1000000.0
RS	21	0.521113	1.569814	1000000.0	1000000.0	1000000.0
RS	22	0.577549	2.567759	1000000.0	1000000.0	1000000.0
RS	23	0.639113	2.567759	1000000.0	1000000.0	1000000.0
RS	24	0.706271	3.155485	1000000.0	1000000.0	1000000.0
RS	25	0.779531	3.155485	1000000.0	1000000.0	1000000.0
RS	26	0.859447	3.157375	1000000.0	1000000.0	1000000.0
RS	27	0.946625	3.157375	1000000.0	1000000.0	1000000.0
RS	28	1.041724	2.979572	1000000.0	1000000.0	1000000.0
RS	29	1.145464	2.979572	1000000.0	1000000.0	1000000.0
RS	30	1.258630	2.835458	1000000.0	1000000.0	1000000.0
RS	31	1.382079	2.835458	1000000.0	1000000.0	1000000.0
RS	32	1.516744	2.763952	1000000.0	1000000.0	1000000.0
RS	33	1.663646	2.763952	1000000.0	1000000.0	1000000.0
RS	34	1.823895	2.761154	1000000.0	1000000.0	1000000.0
RS	35	1.998706	2.761154	1000000.0	1000000.0	1000000.0
RS	36	2.189399	2.798908	1000000.0	1000000.0	1000000.0
RS	37	2.397420	2.798908	1000000.0	1000000.0	1000000.0
RS	38	2.624342	2.858860	1000000.0	1000000.0	1000000.0
RS	39	2.871883	2.858860	1000000.0	1000000.0	1000000.0
RS	40	3.141916	2.923331	1000000.0	1000000.0	1000000.0
RS	41	3.436485	2.923331	1000000.0	1000000.0	1000000.0
RS	42	3.757819	2.971737	1000000.0	1000000.0	1000000.0
RS	43	4.108350	2.971737	1000000.0	1000000.0	1000000.0
RS	44	4.490732	2.976800	1000000.0	1000000.0	1000000.0
RS	45	4.907857	2.976800	1000000.0	1000000.0	1000000.0
RS	46	5.362884	2.927290	1000000.0	1000000.0	1000000.0
RS	47	5.859256	2.927290	1000000.0	1000000.0	1000000.0
RS	48	6.400729	2.841143	1000000.0	1000000.0	1000000.0
RS	49	6.991402	2.841143	1000000.0	1000000.0	1000000.0
RS	50	7.635745	2.782331	1000000.0	1000000.0	1000000.0
RS	51	8.338635	2.782331	1000000.0	1000000.0	1000000.0
RS	52	9.105391	2.873694	1000000.0	1000000.0	1000000.0
RS	53	9.941817	2.873694	1000000.0	1000000.0	1000000.0
RS	54	10.854242	3.559510	1000000.0	1000000.0	1000000.0
RS	55	11.849573	3.559510	1000000.0	1000000.0	1000000.0
RS	56	12.935341	3.559510	1000000.0	1000000.0	1000000.0
RS	57	14.119766	3.559510	1000000.0	1000000.0	1000000.0
RS	58	15.411811	5.594580	1000000.0	1000000.0	1000000.0
RS	59	16.821254	5.594580	1000000.0	1000000.0	1000000.0
RS	60	18.358763	5.594580	1000000.0	1000000.0	1000000.0
RS	61	20.035973	5.594580	1000000.0	1000000.0	1000000.0
RS	62	21.865580	5.594580	1000000.0	1000000.0	1000000.0
RS	63	23.861429	5.594580	1000000.0	1000000.0	1000000.0
PA	1*4+25*2+1*4+1*6 0.000233095 0.005357000 666.666666666 7.267836136 6.236054989 1.959665137 0.557201144 0.272755284 0.191026528 0.192368604 0.311787326 0.712246849 1.569814096 2.567759122 3.155484926 3.157375366 2.979571541 2.835457681 2.763951743 2.761153982 2.798907955 2.858859508 2.923330808 2.971737350 2.976799833 2.927290310 2.841143337 2.782330948 2.873694432 3.559509680 5.594579822
//
----------------------------------------
	-> Starting Optimization ndim:28
MM	optimization: (wall(min),cpu(min)):(0.550000,0.551833) maxqval:-2709436.111394
	-> [RUNOPTIM3 TIME]:runoptim3 cpu-time used =  33.11 sec 
	-> [RUNOPTIM3 Time]:runoptim3 walltime used =  33.00 sec 
	-> [fpsmc.cpp:main_analysis_make_hmm:311] nthreads:16 tk_l:64 theta:0.000233 rho:0.005357
	[total llh]  fwllh:-4238745579.625198
	[total llh]  bwllh:-4238745579.625170
	[total qval] qval:-2708935.468789
IT	2656
RD	19
LK	-4238745579.625198
QD	-2709440.822868 -> -2709436.111394
RI	?
TR	0.000233	0.005357
MT	23.861429
MM	buildhmm(wall(min),cpu(min)):(11.316667,165.167497) tk_l:64
RS	0	0.000000	7.262478	1000000.0	1000000.0	1000000.0
RS	1	0.009086	7.262478	1000000.0	1000000.0	1000000.0
RS	2	0.018998	7.262478	1000000.0	1000000.0	1000000.0
RS	3	0.029811	7.262478	1000000.0	1000000.0	1000000.0
RS	4	0.041606	6.237428	1000000.0	1000000.0	1000000.0
RS	5	0.054472	6.237428	1000000.0	1000000.0	1000000.0
RS	6	0.068508	1.977629	1000000.0	1000000.0	1000000.0
RS	7	0.083819	1.977629	1000000.0	1000000.0	1000000.0
RS	8	0.100521	0.564596	1000000.0	1000000.0	1000000.0
RS	9	0.118741	0.564596	1000000.0	1000000.0	1000000.0
RS	10	0.138616	0.275387	1000000.0	1000000.0	1000000.0
RS	11	0.160298	0.275387	1000000.0	1000000.0	1000000.0
RS	12	0.183949	0.190868	1000000.0	1000000.0	1000000.0
RS	13	0.209749	0.190868	1000000.0	1000000.0	1000000.0
RS	14	0.237894	0.190079	1000000.0	1000000.0	1000000.0
RS	15	0.268596	0.190079	1000000.0	1000000.0	1000000.0
RS	16	0.302088	0.309306	1000000.0	1000000.0	1000000.0
RS	17	0.338622	0.309306	1000000.0	1000000.0	1000000.0
RS	18	0.378477	0.718630	1000000.0	1000000.0	1000000.0
RS	19	0.421952	0.718630	1000000.0	1000000.0	1000000.0
RS	20	0.469378	1.603747	1000000.0	1000000.0	1000000.0
RS	21	0.521113	1.603747	1000000.0	1000000.0	1000000.0
RS	22	0.577549	2.629097	1000000.0	1000000.0	1000000.0
RS	23	0.639113	2.629097	1000000.0	1000000.0	1000000.0
RS	24	0.706271	3.198712	1000000.0	1000000.0	1000000.0
RS	25	0.779531	3.198712	1000000.0	1000000.0	1000000.0
RS	26	0.859447	3.171505	1000000.0	1000000.0	1000000.0
RS	27	0.946625	3.171505	1000000.0	1000000.0	1000000.0
RS	28	1.041724	2.972492	1000000.0	1000000.0	1000000.0
RS	29	1.145464	2.972492	1000000.0	1000000.0	1000000.0
RS	30	1.258630	2.823142	1000000.0	1000000.0	1000000.0
RS	31	1.382079	2.823142	1000000.0	1000000.0	1000000.0
RS	32	1.516744	2.752495	1000000.0	1000000.0	1000000.0
RS	33	1.663646	2.752495	1000000.0	1000000.0	1000000.0
RS	34	1.823895	2.751882	1000000.0	1000000.0	1000000.0
RS	35	1.998706	2.751882	1000000.0	1000000.0	1000000.0
RS	36	2.189399	2.792760	1000000.0	1000000.0	1000000.0
RS	37	2.397420	2.792760	1000000.0	1000000.0	1000000.0
RS	38	2.624342	2.856329	1000000.0	1000000.0	1000000.0
RS	39	2.871883	2.856329	1000000.0	1000000.0	1000000.0
RS	40	3.141916	2.924521	1000000.0	1000000.0	1000000.0
RS	41	3.436485	2.924521	1000000.0	1000000.0	1000000.0
RS	42	3.757819	2.976258	1000000.0	1000000.0	1000000.0
RS	43	4.108350	2.976258	1000000.0	1000000.0	1000000.0
RS	44	4.490732	2.983088	1000000.0	1000000.0	1000000.0
RS	45	4.907857	2.983088	1000000.0	1000000.0	1000000.0
RS	46	5.362884	2.932789	1000000.0	1000000.0	1000000.0
RS	47	5.859256	2.932789	1000000.0	1000000.0	1000000.0
RS	48	6.400729	2.843082	1000000.0	1000000.0	1000000.0
RS	49	6.991402	2.843082	1000000.0	1000000.0	1000000.0
RS	50	7.635745	2.778904	1000000.0	1000000.0	1000000.0
RS	51	8.338635	2.778904	1000000.0	1000000.0	1000000.0
RS	52	9.105391	2.864769	1000000.0	1000000.0	1000000.0
RS	53	9.941817	2.864769	1000000.0	1000000.0	1000000.0
RS	54	10.854242	3.555892	1000000.0	1000000.0	1000000.0
RS	55	11.849573	3.555892	1000000.0	1000000.0	1000000.0
RS	56	12.935341	3.555892	1000000.0	1000000.0	1000000.0
RS	57	14.119766	3.555892	1000000.0	1000000.0	1000000.0
RS	58	15.411811	5.671998	1000000.0	1000000.0	1000000.0
RS	59	16.821254	5.671998	1000000.0	1000000.0	1000000.0
RS	60	18.358763	5.671998	1000000.0	1000000.0	1000000.0
RS	61	20.035973	5.671998	1000000.0	1000000.0	1000000.0
RS	62	21.865580	5.671998	1000000.0	1000000.0	1000000.0
RS	63	23.861429	5.671998	1000000.0	1000000.0	1000000.0
PA	1*4+25*2+1*4+1*6 0.000233095 0.005357000 666.666666666 7.262477657 6.237427579 1.977628944 0.564596047 0.275386697 0.190867860 0.190079430 0.309306301 0.718630146 1.603746976 2.629096833 3.198711950 3.171505011 2.972492447 2.823141715 2.752495473 2.751882267 2.792760253 2.856328675 2.924520870 2.976258488 2.983087917 2.932789179 2.843081871 2.778904181 2.864768525 3.555891512 5.671998264
//
----------------------------------------
	-> Starting Optimization ndim:28
MM	optimization: (wall(min),cpu(min)):(0.400000,0.394167) maxqval:-2708931.278969
	-> [RUNOPTIM3 TIME]:runoptim3 cpu-time used =  23.65 sec 
	-> [RUNOPTIM3 Time]:runoptim3 walltime used =  24.00 sec 
	-> [fpsmc.cpp:main_analysis_make_hmm:311] nthreads:16 tk_l:64 theta:0.000233 rho:0.005357
	[total llh]  fwllh:-4238745571.490934
	[total llh]  bwllh:-4238745571.490906
	[total qval] qval:-2708472.849091
IT	1960
RD	20
LK	-4238745571.490934
QD	-2708935.468789 -> -2708931.278969
RI	?
TR	0.000233	0.005357
MT	23.861429
MM	buildhmm(wall(min),cpu(min)):(10.500000,163.115007) tk_l:64
RS	0	0.000000	7.258244	1000000.0	1000000.0	1000000.0
RS	1	0.009086	7.258244	1000000.0	1000000.0	1000000.0
RS	2	0.018998	7.258244	1000000.0	1000000.0	1000000.0
RS	3	0.029811	7.258244	1000000.0	1000000.0	1000000.0
RS	4	0.041606	6.238233	1000000.0	1000000.0	1000000.0
RS	5	0.054472	6.238233	1000000.0	1000000.0	1000000.0
RS	6	0.068508	1.989540	1000000.0	1000000.0	1000000.0
RS	7	0.083819	1.989540	1000000.0	1000000.0	1000000.0
RS	8	0.100521	0.570375	1000000.0	1000000.0	1000000.0
RS	9	0.118741	0.570375	1000000.0	1000000.0	1000000.0
RS	10	0.138616	0.277923	1000000.0	1000000.0	1000000.0
RS	11	0.160298	0.277923	1000000.0	1000000.0	1000000.0
RS	12	0.183949	0.190815	1000000.0	1000000.0	1000000.0
RS	13	0.209749	0.190815	1000000.0	1000000.0	1000000.0
RS	14	0.237894	0.188000	1000000.0	1000000.0	1000000.0
RS	15	0.268596	0.188000	1000000.0	1000000.0	1000000.0
RS	16	0.302088	0.306960	1000000.0	1000000.0	1000000.0
RS	17	0.338622	0.306960	1000000.0	1000000.0	1000000.0
RS	18	0.378477	0.725295	1000000.0	1000000.0	1000000.0
RS	19	0.421952	0.725295	1000000.0	1000000.0	1000000.0
RS	20	0.469378	1.640487	1000000.0	1000000.0	1000000.0
RS	21	0.521113	1.640487	1000000.0	1000000.0	1000000.0
RS	22	0.577549	2.686589	1000000.0	1000000.0	1000000.0
RS	23	0.639113	2.686589	1000000.0	1000000.0	1000000.0
RS	24	0.706271	3.235755	1000000.0	1000000.0	1000000.0
RS	25	0.779531	3.235755	1000000.0	1000000.0	1000000.0
RS	26	0.859447	3.182780	1000000.0	1000000.0	1000000.0
RS	27	0.946625	3.182780	1000000.0	1000000.0	1000000.0
RS	28	1.041724	2.962827	1000000.0	1000000.0	1000000.0
RS	29	1.145464	2.962827	1000000.0	1000000.0	1000000.0
RS	30	1.258630	2.809166	1000000.0	1000000.0	1000000.0
RS	31	1.382079	2.809166	1000000.0	1000000.0	1000000.0
RS	32	1.516744	2.742492	1000000.0	1000000.0	1000000.0
RS	33	1.663646	2.742492	1000000.0	1000000.0	1000000.0
RS	34	1.823895	2.745442	1000000.0	1000000.0	1000000.0
RS	35	1.998706	2.745442	1000000.0	1000000.0	1000000.0
RS	36	2.189399	2.788721	1000000.0	1000000.0	1000000.0
RS	37	2.397420	2.788721	1000000.0	1000000.0	1000000.0
RS	38	2.624342	2.854501	1000000.0	1000000.0	1000000.0
RS	39	2.871883	2.854501	1000000.0	1000000.0	1000000.0
RS	40	3.141916	2.925393	1000000.0	1000000.0	1000000.0
RS	41	3.436485	2.925393	1000000.0	1000000.0	1000000.0
RS	42	3.757819	2.980221	1000000.0	1000000.0	1000000.0
RS	43	4.108350	2.980221	1000000.0	1000000.0	1000000.0
RS	44	4.490732	2.989421	1000000.0	1000000.0	1000000.0
RS	45	4.907857	2.989421	1000000.0	1000000.0	1000000.0
RS	46	5.362884	2.938970	1000000.0	1000000.0	1000000.0
RS	47	5.859256	2.938970	1000000.0	1000000.0	1000000.0
RS	48	6.400729	2.845108	1000000.0	1000000.0	1000000.0
RS	49	6.991402	2.845108	1000000.0	1000000.0	1000000.0
RS	50	7.635745	2.774307	1000000.0	1000000.0	1000000.0
RS	51	8.338635	2.774307	1000000.0	1000000.0	1000000.0
RS	52	9.105391	2.857542	1000000.0	1000000.0	1000000.0
RS	53	9.941817	2.857542	1000000.0	1000000.0	1000000.0
RS	54	10.854242	3.552596	1000000.0	1000000.0	1000000.0
RS	55	11.849573	3.552596	1000000.0	1000000.0	1000000.0
RS	56	12.935341	3.552596	1000000.0	1000000.0	1000000.0
RS	57	14.119766	3.552596	1000000.0	1000000.0	1000000.0
RS	58	15.411811	5.743889	1000000.0	1000000.0	1000000.0
RS	59	16.821254	5.743889	1000000.0	1000000.0	1000000.0
RS	60	18.358763	5.743889	1000000.0	1000000.0	1000000.0
RS	61	20.035973	5.743889	1000000.0	1000000.0	1000000.0
RS	62	21.865580	5.743889	1000000.0	1000000.0	1000000.0
RS	63	23.861429	5.743889	1000000.0	1000000.0	1000000.0
PA	1*4+25*2+1*4+1*6 0.000233095 0.005357000 666.666666666 7.258243927 6.238233269 1.989539962 0.570375372 0.277922617 0.190815027 0.188000334 0.306959784 0.725294737 1.640486710 2.686589397 3.235754998 3.182780250 2.962827073 2.809166221 2.742492182 2.745441853 2.788720927 2.854500776 2.925393200 2.980220891 2.989420764 2.938970184 2.845107609 2.774307380 2.857541525 3.552596437 5.743889146
//
	-> Breaking since i>nIter
	[ALL done] cpu-time used =  216116.62 sec
	[ALL done] walltime used =  16335.00 sec
MM	 winsize(blocksize): 100
MM	totaltime(wall(min),cpu(min)):(272.250000,3601.943750) 
